<?xml version="1.0" encoding="UTF-8"?>
<testsuite xmlns:xsi="http://www.w3.org/2001/XMLSchema-instance" xsi:noNamespaceSchemaLocation="https://maven.apache.org/surefire/maven-surefire-plugin/xsd/surefire-test-report-3.0.xsd" version="3.0" name="test.restful.addressbook.tests.MockServerTests" time="0.862" tests="12" errors="0" skipped="0" failures="0">
  <properties>
    <property name="java.specification.version" value="21"/>
    <property name="sun.cpu.isalist" value="amd64"/>
    <property name="sun.jnu.encoding" value="Cp1252"/>
    <property name="java.class.path" value="C:\Cursor\addressbook\addressbook-rest-service\target\test-classes;C:\Cursor\addressbook\addressbook-rest-service\target\classes;C:\Users\navee\.m2\repository\org\springframework\boot\spring-boot-starter-web\3.2.3\spring-boot-starter-web-3.2.3.jar;C:\Users\navee\.m2\repository\org\springframework\boot\spring-boot-starter\3.2.3\spring-boot-starter-3.2.3.jar;C:\Users\navee\.m2\repository\org\springframework\boot\spring-boot\3.2.3\spring-boot-3.2.3.jar;C:\Users\navee\.m2\repository\org\springframework\boot\spring-boot-autoconfigure\3.2.3\spring-boot-autoconfigure-3.2.3.jar;C:\Users\navee\.m2\repository\org\springframework\boot\spring-boot-starter-logging\3.2.3\spring-boot-starter-logging-3.2.3.jar;C:\Users\navee\.m2\repository\ch\qos\logback\logback-classic\1.4.14\logback-classic-1.4.14.jar;C:\Users\navee\.m2\repository\ch\qos\logback\logback-core\1.4.14\logback-core-1.4.14.jar;C:\Users\navee\.m2\repository\org\apache\logging\log4j\log4j-to-slf4j\2.21.1\log4j-to-slf4j-2.21.1.jar;C:\Users\navee\.m2\repository\org\apache\logging\log4j\log4j-api\2.21.1\log4j-api-2.21.1.jar;C:\Users\navee\.m2\repository\org\slf4j\jul-to-slf4j\2.0.12\jul-to-slf4j-2.0.12.jar;C:\Users\navee\.m2\repository\org\yaml\snakeyaml\2.2\snakeyaml-2.2.jar;C:\Users\navee\.m2\repository\org\springframework\boot\spring-boot-starter-json\3.2.3\spring-boot-starter-json-3.2.3.jar;C:\Users\navee\.m2\repository\com\fasterxml\jackson\core\jackson-databind\2.15.4\jackson-databind-2.15.4.jar;C:\Users\navee\.m2\repository\com\fasterxml\jackson\core\jackson-annotations\2.15.4\jackson-annotations-2.15.4.jar;C:\Users\navee\.m2\repository\com\fasterxml\jackson\core\jackson-core\2.15.4\jackson-core-2.15.4.jar;C:\Users\navee\.m2\repository\com\fasterxml\jackson\datatype\jackson-datatype-jdk8\2.15.4\jackson-datatype-jdk8-2.15.4.jar;C:\Users\navee\.m2\repository\com\fasterxml\jackson\datatype\jackson-datatype-jsr310\2.15.4\jackson-datatype-jsr310-2.15.4.jar;C:\Users\navee\.m2\repository\com\fasterxml\jackson\module\jackson-module-parameter-names\2.15.4\jackson-module-parameter-names-2.15.4.jar;C:\Users\navee\.m2\repository\org\springframework\boot\spring-boot-starter-tomcat\3.2.3\spring-boot-starter-tomcat-3.2.3.jar;C:\Users\navee\.m2\repository\org\apache\tomcat\embed\tomcat-embed-core\10.1.19\tomcat-embed-core-10.1.19.jar;C:\Users\navee\.m2\repository\org\apache\tomcat\embed\tomcat-embed-websocket\10.1.19\tomcat-embed-websocket-10.1.19.jar;C:\Users\navee\.m2\repository\org\springframework\spring-web\6.1.4\spring-web-6.1.4.jar;C:\Users\navee\.m2\repository\org\springframework\spring-beans\6.1.4\spring-beans-6.1.4.jar;C:\Users\navee\.m2\repository\io\micrometer\micrometer-observation\1.12.3\micrometer-observation-1.12.3.jar;C:\Users\navee\.m2\repository\io\micrometer\micrometer-commons\1.12.3\micrometer-commons-1.12.3.jar;C:\Users\navee\.m2\repository\org\springframework\spring-webmvc\6.1.4\spring-webmvc-6.1.4.jar;C:\Users\navee\.m2\repository\org\springframework\spring-aop\6.1.4\spring-aop-6.1.4.jar;C:\Users\navee\.m2\repository\org\springframework\spring-context\6.1.4\spring-context-6.1.4.jar;C:\Users\navee\.m2\repository\org\springframework\spring-expression\6.1.4\spring-expression-6.1.4.jar;C:\Users\navee\.m2\repository\org\springframework\boot\spring-boot-starter-validation\3.2.3\spring-boot-starter-validation-3.2.3.jar;C:\Users\navee\.m2\repository\org\apache\tomcat\embed\tomcat-embed-el\10.1.19\tomcat-embed-el-10.1.19.jar;C:\Users\navee\.m2\repository\org\hibernate\validator\hibernate-validator\8.0.1.Final\hibernate-validator-8.0.1.Final.jar;C:\Users\navee\.m2\repository\jakarta\validation\jakarta.validation-api\3.0.2\jakarta.validation-api-3.0.2.jar;C:\Users\navee\.m2\repository\org\jboss\logging\jboss-logging\3.5.3.Final\jboss-logging-3.5.3.Final.jar;C:\Users\navee\.m2\repository\com\fasterxml\classmate\1.6.0\classmate-1.6.0.jar;C:\Users\navee\.m2\repository\org\springdoc\springdoc-openapi-starter-webmvc-ui\2.3.0\springdoc-openapi-starter-webmvc-ui-2.3.0.jar;C:\Users\navee\.m2\repository\org\springdoc\springdoc-openapi-starter-webmvc-api\2.3.0\springdoc-openapi-starter-webmvc-api-2.3.0.jar;C:\Users\navee\.m2\repository\org\springdoc\springdoc-openapi-starter-common\2.3.0\springdoc-openapi-starter-common-2.3.0.jar;C:\Users\navee\.m2\repository\io\swagger\core\v3\swagger-core-jakarta\2.2.19\swagger-core-jakarta-2.2.19.jar;C:\Users\navee\.m2\repository\org\apache\commons\commons-lang3\3.13.0\commons-lang3-3.13.0.jar;C:\Users\navee\.m2\repository\io\swagger\core\v3\swagger-annotations-jakarta\2.2.19\swagger-annotations-jakarta-2.2.19.jar;C:\Users\navee\.m2\repository\io\swagger\core\v3\swagger-models-jakarta\2.2.19\swagger-models-jakarta-2.2.19.jar;C:\Users\navee\.m2\repository\com\fasterxml\jackson\dataformat\jackson-dataformat-yaml\2.15.4\jackson-dataformat-yaml-2.15.4.jar;C:\Users\navee\.m2\repository\org\webjars\swagger-ui\5.10.3\swagger-ui-5.10.3.jar;C:\Users\navee\.m2\repository\org\springframework\boot\spring-boot-starter-test\3.2.3\spring-boot-starter-test-3.2.3.jar;C:\Users\navee\.m2\repository\org\springframework\boot\spring-boot-test\3.2.3\spring-boot-test-3.2.3.jar;C:\Users\navee\.m2\repository\org\springframework\boot\spring-boot-test-autoconfigure\3.2.3\spring-boot-test-autoconfigure-3.2.3.jar;C:\Users\navee\.m2\repository\com\jayway\jsonpath\json-path\2.9.0\json-path-2.9.0.jar;C:\Users\navee\.m2\repository\org\slf4j\slf4j-api\2.0.12\slf4j-api-2.0.12.jar;C:\Users\navee\.m2\repository\jakarta\xml\bind\jakarta.xml.bind-api\4.0.1\jakarta.xml.bind-api-4.0.1.jar;C:\Users\navee\.m2\repository\jakarta\activation\jakarta.activation-api\2.1.2\jakarta.activation-api-2.1.2.jar;C:\Users\navee\.m2\repository\net\minidev\json-smart\2.5.0\json-smart-2.5.0.jar;C:\Users\navee\.m2\repository\net\minidev\accessors-smart\2.5.0\accessors-smart-2.5.0.jar;C:\Users\navee\.m2\repository\org\ow2\asm\asm\9.3\asm-9.3.jar;C:\Users\navee\.m2\repository\org\assertj\assertj-core\3.24.2\assertj-core-3.24.2.jar;C:\Users\navee\.m2\repository\net\bytebuddy\byte-buddy\1.14.12\byte-buddy-1.14.12.jar;C:\Users\navee\.m2\repository\org\awaitility\awaitility\4.2.0\awaitility-4.2.0.jar;C:\Users\navee\.m2\repository\org\hamcrest\hamcrest\2.2\hamcrest-2.2.jar;C:\Users\navee\.m2\repository\org\junit\jupiter\junit-jupiter\5.10.2\junit-jupiter-5.10.2.jar;C:\Users\navee\.m2\repository\org\junit\jupiter\junit-jupiter-params\5.10.2\junit-jupiter-params-5.10.2.jar;C:\Users\navee\.m2\repository\org\mockito\mockito-core\5.7.0\mockito-core-5.7.0.jar;C:\Users\navee\.m2\repository\net\bytebuddy\byte-buddy-agent\1.14.12\byte-buddy-agent-1.14.12.jar;C:\Users\navee\.m2\repository\org\objenesis\objenesis\3.3\objenesis-3.3.jar;C:\Users\navee\.m2\repository\org\mockito\mockito-junit-jupiter\5.7.0\mockito-junit-jupiter-5.7.0.jar;C:\Users\navee\.m2\repository\org\skyscreamer\jsonassert\1.5.1\jsonassert-1.5.1.jar;C:\Users\navee\.m2\repository\com\vaadin\external\google\android-json\0.0.20131108.vaadin1\android-json-0.0.20131108.vaadin1.jar;C:\Users\navee\.m2\repository\org\springframework\spring-core\6.1.4\spring-core-6.1.4.jar;C:\Users\navee\.m2\repository\org\springframework\spring-jcl\6.1.4\spring-jcl-6.1.4.jar;C:\Users\navee\.m2\repository\org\springframework\spring-test\6.1.4\spring-test-6.1.4.jar;C:\Users\navee\.m2\repository\org\xmlunit\xmlunit-core\2.9.1\xmlunit-core-2.9.1.jar;C:\Users\navee\.m2\repository\org\junit\jupiter\junit-jupiter-api\5.10.1\junit-jupiter-api-5.10.1.jar;C:\Users\navee\.m2\repository\org\opentest4j\opentest4j\1.3.0\opentest4j-1.3.0.jar;C:\Users\navee\.m2\repository\org\junit\platform\junit-platform-commons\1.10.2\junit-platform-commons-1.10.2.jar;C:\Users\navee\.m2\repository\org\apiguardian\apiguardian-api\1.1.2\apiguardian-api-1.1.2.jar;C:\Users\navee\.m2\repository\org\junit\jupiter\junit-jupiter-engine\5.10.1\junit-jupiter-engine-5.10.1.jar;C:\Users\navee\.m2\repository\org\junit\platform\junit-platform-engine\1.10.2\junit-platform-engine-1.10.2.jar;C:\Users\navee\.m2\repository\org\projectlombok\lombok\1.18.30\lombok-1.18.30.jar;C:\Users\navee\.m2\repository\jakarta\annotation\jakarta.annotation-api\2.1.1\jakarta.annotation-api-2.1.1.jar;C:\Users\navee\.m2\repository\jakarta\persistence\jakarta.persistence-api\3.1.0\jakarta.persistence-api-3.1.0.jar;"/>
    <property name="java.vm.vendor" value="Eclipse Adoptium"/>
    <property name="sun.arch.data.model" value="64"/>
    <property name="user.variant" value=""/>
    <property name="java.vendor.url" value="https://adoptium.net/"/>
    <property name="user.timezone" value="Australia/Sydney"/>
    <property name="org.jboss.logging.provider" value="slf4j"/>
    <property name="os.name" value="Windows 11"/>
    <property name="java.vm.specification.version" value="21"/>
    <property name="sun.java.launcher" value="SUN_STANDARD"/>
    <property name="user.country" value="AU"/>
    <property name="sun.boot.library.path" value="C:\Program Files\Eclipse Adoptium\jdk-21.0.7.6-hotspot\bin"/>
    <property name="sun.java.command" value="C:\Users\navee\AppData\Local\Temp\surefire6173985296352048916\surefirebooter-20250618165545067_3.jar C:\Users\navee\AppData\Local\Temp\surefire6173985296352048916 2025-06-18T16-55-44_926-jvmRun1 surefire-20250618165545067_1tmp surefire_0-20250618165545067_2tmp"/>
    <property name="jdk.debug" value="release"/>
    <property name="surefire.test.class.path" value="C:\Cursor\addressbook\addressbook-rest-service\target\test-classes;C:\Cursor\addressbook\addressbook-rest-service\target\classes;C:\Users\navee\.m2\repository\org\springframework\boot\spring-boot-starter-web\3.2.3\spring-boot-starter-web-3.2.3.jar;C:\Users\navee\.m2\repository\org\springframework\boot\spring-boot-starter\3.2.3\spring-boot-starter-3.2.3.jar;C:\Users\navee\.m2\repository\org\springframework\boot\spring-boot\3.2.3\spring-boot-3.2.3.jar;C:\Users\navee\.m2\repository\org\springframework\boot\spring-boot-autoconfigure\3.2.3\spring-boot-autoconfigure-3.2.3.jar;C:\Users\navee\.m2\repository\org\springframework\boot\spring-boot-starter-logging\3.2.3\spring-boot-starter-logging-3.2.3.jar;C:\Users\navee\.m2\repository\ch\qos\logback\logback-classic\1.4.14\logback-classic-1.4.14.jar;C:\Users\navee\.m2\repository\ch\qos\logback\logback-core\1.4.14\logback-core-1.4.14.jar;C:\Users\navee\.m2\repository\org\apache\logging\log4j\log4j-to-slf4j\2.21.1\log4j-to-slf4j-2.21.1.jar;C:\Users\navee\.m2\repository\org\apache\logging\log4j\log4j-api\2.21.1\log4j-api-2.21.1.jar;C:\Users\navee\.m2\repository\org\slf4j\jul-to-slf4j\2.0.12\jul-to-slf4j-2.0.12.jar;C:\Users\navee\.m2\repository\org\yaml\snakeyaml\2.2\snakeyaml-2.2.jar;C:\Users\navee\.m2\repository\org\springframework\boot\spring-boot-starter-json\3.2.3\spring-boot-starter-json-3.2.3.jar;C:\Users\navee\.m2\repository\com\fasterxml\jackson\core\jackson-databind\2.15.4\jackson-databind-2.15.4.jar;C:\Users\navee\.m2\repository\com\fasterxml\jackson\core\jackson-annotations\2.15.4\jackson-annotations-2.15.4.jar;C:\Users\navee\.m2\repository\com\fasterxml\jackson\core\jackson-core\2.15.4\jackson-core-2.15.4.jar;C:\Users\navee\.m2\repository\com\fasterxml\jackson\datatype\jackson-datatype-jdk8\2.15.4\jackson-datatype-jdk8-2.15.4.jar;C:\Users\navee\.m2\repository\com\fasterxml\jackson\datatype\jackson-datatype-jsr310\2.15.4\jackson-datatype-jsr310-2.15.4.jar;C:\Users\navee\.m2\repository\com\fasterxml\jackson\module\jackson-module-parameter-names\2.15.4\jackson-module-parameter-names-2.15.4.jar;C:\Users\navee\.m2\repository\org\springframework\boot\spring-boot-starter-tomcat\3.2.3\spring-boot-starter-tomcat-3.2.3.jar;C:\Users\navee\.m2\repository\org\apache\tomcat\embed\tomcat-embed-core\10.1.19\tomcat-embed-core-10.1.19.jar;C:\Users\navee\.m2\repository\org\apache\tomcat\embed\tomcat-embed-websocket\10.1.19\tomcat-embed-websocket-10.1.19.jar;C:\Users\navee\.m2\repository\org\springframework\spring-web\6.1.4\spring-web-6.1.4.jar;C:\Users\navee\.m2\repository\org\springframework\spring-beans\6.1.4\spring-beans-6.1.4.jar;C:\Users\navee\.m2\repository\io\micrometer\micrometer-observation\1.12.3\micrometer-observation-1.12.3.jar;C:\Users\navee\.m2\repository\io\micrometer\micrometer-commons\1.12.3\micrometer-commons-1.12.3.jar;C:\Users\navee\.m2\repository\org\springframework\spring-webmvc\6.1.4\spring-webmvc-6.1.4.jar;C:\Users\navee\.m2\repository\org\springframework\spring-aop\6.1.4\spring-aop-6.1.4.jar;C:\Users\navee\.m2\repository\org\springframework\spring-context\6.1.4\spring-context-6.1.4.jar;C:\Users\navee\.m2\repository\org\springframework\spring-expression\6.1.4\spring-expression-6.1.4.jar;C:\Users\navee\.m2\repository\org\springframework\boot\spring-boot-starter-validation\3.2.3\spring-boot-starter-validation-3.2.3.jar;C:\Users\navee\.m2\repository\org\apache\tomcat\embed\tomcat-embed-el\10.1.19\tomcat-embed-el-10.1.19.jar;C:\Users\navee\.m2\repository\org\hibernate\validator\hibernate-validator\8.0.1.Final\hibernate-validator-8.0.1.Final.jar;C:\Users\navee\.m2\repository\jakarta\validation\jakarta.validation-api\3.0.2\jakarta.validation-api-3.0.2.jar;C:\Users\navee\.m2\repository\org\jboss\logging\jboss-logging\3.5.3.Final\jboss-logging-3.5.3.Final.jar;C:\Users\navee\.m2\repository\com\fasterxml\classmate\1.6.0\classmate-1.6.0.jar;C:\Users\navee\.m2\repository\org\springdoc\springdoc-openapi-starter-webmvc-ui\2.3.0\springdoc-openapi-starter-webmvc-ui-2.3.0.jar;C:\Users\navee\.m2\repository\org\springdoc\springdoc-openapi-starter-webmvc-api\2.3.0\springdoc-openapi-starter-webmvc-api-2.3.0.jar;C:\Users\navee\.m2\repository\org\springdoc\springdoc-openapi-starter-common\2.3.0\springdoc-openapi-starter-common-2.3.0.jar;C:\Users\navee\.m2\repository\io\swagger\core\v3\swagger-core-jakarta\2.2.19\swagger-core-jakarta-2.2.19.jar;C:\Users\navee\.m2\repository\org\apache\commons\commons-lang3\3.13.0\commons-lang3-3.13.0.jar;C:\Users\navee\.m2\repository\io\swagger\core\v3\swagger-annotations-jakarta\2.2.19\swagger-annotations-jakarta-2.2.19.jar;C:\Users\navee\.m2\repository\io\swagger\core\v3\swagger-models-jakarta\2.2.19\swagger-models-jakarta-2.2.19.jar;C:\Users\navee\.m2\repository\com\fasterxml\jackson\dataformat\jackson-dataformat-yaml\2.15.4\jackson-dataformat-yaml-2.15.4.jar;C:\Users\navee\.m2\repository\org\webjars\swagger-ui\5.10.3\swagger-ui-5.10.3.jar;C:\Users\navee\.m2\repository\org\springframework\boot\spring-boot-starter-test\3.2.3\spring-boot-starter-test-3.2.3.jar;C:\Users\navee\.m2\repository\org\springframework\boot\spring-boot-test\3.2.3\spring-boot-test-3.2.3.jar;C:\Users\navee\.m2\repository\org\springframework\boot\spring-boot-test-autoconfigure\3.2.3\spring-boot-test-autoconfigure-3.2.3.jar;C:\Users\navee\.m2\repository\com\jayway\jsonpath\json-path\2.9.0\json-path-2.9.0.jar;C:\Users\navee\.m2\repository\org\slf4j\slf4j-api\2.0.12\slf4j-api-2.0.12.jar;C:\Users\navee\.m2\repository\jakarta\xml\bind\jakarta.xml.bind-api\4.0.1\jakarta.xml.bind-api-4.0.1.jar;C:\Users\navee\.m2\repository\jakarta\activation\jakarta.activation-api\2.1.2\jakarta.activation-api-2.1.2.jar;C:\Users\navee\.m2\repository\net\minidev\json-smart\2.5.0\json-smart-2.5.0.jar;C:\Users\navee\.m2\repository\net\minidev\accessors-smart\2.5.0\accessors-smart-2.5.0.jar;C:\Users\navee\.m2\repository\org\ow2\asm\asm\9.3\asm-9.3.jar;C:\Users\navee\.m2\repository\org\assertj\assertj-core\3.24.2\assertj-core-3.24.2.jar;C:\Users\navee\.m2\repository\net\bytebuddy\byte-buddy\1.14.12\byte-buddy-1.14.12.jar;C:\Users\navee\.m2\repository\org\awaitility\awaitility\4.2.0\awaitility-4.2.0.jar;C:\Users\navee\.m2\repository\org\hamcrest\hamcrest\2.2\hamcrest-2.2.jar;C:\Users\navee\.m2\repository\org\junit\jupiter\junit-jupiter\5.10.2\junit-jupiter-5.10.2.jar;C:\Users\navee\.m2\repository\org\junit\jupiter\junit-jupiter-params\5.10.2\junit-jupiter-params-5.10.2.jar;C:\Users\navee\.m2\repository\org\mockito\mockito-core\5.7.0\mockito-core-5.7.0.jar;C:\Users\navee\.m2\repository\net\bytebuddy\byte-buddy-agent\1.14.12\byte-buddy-agent-1.14.12.jar;C:\Users\navee\.m2\repository\org\objenesis\objenesis\3.3\objenesis-3.3.jar;C:\Users\navee\.m2\repository\org\mockito\mockito-junit-jupiter\5.7.0\mockito-junit-jupiter-5.7.0.jar;C:\Users\navee\.m2\repository\org\skyscreamer\jsonassert\1.5.1\jsonassert-1.5.1.jar;C:\Users\navee\.m2\repository\com\vaadin\external\google\android-json\0.0.20131108.vaadin1\android-json-0.0.20131108.vaadin1.jar;C:\Users\navee\.m2\repository\org\springframework\spring-core\6.1.4\spring-core-6.1.4.jar;C:\Users\navee\.m2\repository\org\springframework\spring-jcl\6.1.4\spring-jcl-6.1.4.jar;C:\Users\navee\.m2\repository\org\springframework\spring-test\6.1.4\spring-test-6.1.4.jar;C:\Users\navee\.m2\repository\org\xmlunit\xmlunit-core\2.9.1\xmlunit-core-2.9.1.jar;C:\Users\navee\.m2\repository\org\junit\jupiter\junit-jupiter-api\5.10.1\junit-jupiter-api-5.10.1.jar;C:\Users\navee\.m2\repository\org\opentest4j\opentest4j\1.3.0\opentest4j-1.3.0.jar;C:\Users\navee\.m2\repository\org\junit\platform\junit-platform-commons\1.10.2\junit-platform-commons-1.10.2.jar;C:\Users\navee\.m2\repository\org\apiguardian\apiguardian-api\1.1.2\apiguardian-api-1.1.2.jar;C:\Users\navee\.m2\repository\org\junit\jupiter\junit-jupiter-engine\5.10.1\junit-jupiter-engine-5.10.1.jar;C:\Users\navee\.m2\repository\org\junit\platform\junit-platform-engine\1.10.2\junit-platform-engine-1.10.2.jar;C:\Users\navee\.m2\repository\org\projectlombok\lombok\1.18.30\lombok-1.18.30.jar;C:\Users\navee\.m2\repository\jakarta\annotation\jakarta.annotation-api\2.1.1\jakarta.annotation-api-2.1.1.jar;C:\Users\navee\.m2\repository\jakarta\persistence\jakarta.persistence-api\3.1.0\jakarta.persistence-api-3.1.0.jar;"/>
    <property name="sun.cpu.endian" value="little"/>
    <property name="user.home" value="C:\Users\navee"/>
    <property name="user.language" value="en"/>
    <property name="java.specification.vendor" value="Oracle Corporation"/>
    <property name="java.version.date" value="2025-04-15"/>
    <property name="java.home" value="C:\Program Files\Eclipse Adoptium\jdk-21.0.7.6-hotspot"/>
    <property name="file.separator" value="\"/>
    <property name="basedir" value="C:\Cursor\addressbook\addressbook-rest-service"/>
    <property name="java.vm.compressedOopsMode" value="Zero based"/>
    <property name="line.separator" value="&#10;"/>
    <property name="java.vm.specification.vendor" value="Oracle Corporation"/>
    <property name="java.specification.name" value="Java Platform API Specification"/>
    <property name="FILE_LOG_CHARSET" value="UTF-8"/>
    <property name="java.awt.headless" value="true"/>
    <property name="surefire.real.class.path" value="C:\Users\navee\AppData\Local\Temp\surefire6173985296352048916\surefirebooter-20250618165545067_3.jar"/>
    <property name="user.script" value=""/>
    <property name="sun.management.compiler" value="HotSpot 64-Bit Tiered Compilers"/>
    <property name="java.runtime.version" value="21.0.7+6-LTS"/>
    <property name="user.name" value="navee"/>
    <property name="stdout.encoding" value="Cp1252"/>
    <property name="path.separator" value=";"/>
    <property name="os.version" value="10.0"/>
    <property name="java.runtime.name" value="OpenJDK Runtime Environment"/>
    <property name="file.encoding" value="UTF-8"/>
    <property name="java.vm.name" value="OpenJDK 64-Bit Server VM"/>
    <property name="java.vendor.version" value="Temurin-21.0.7+6"/>
    <property name="localRepository" value="C:\Users\navee\.m2\repository"/>
    <property name="java.vendor.url.bug" value="https://github.com/adoptium/adoptium-support/issues"/>
    <property name="java.io.tmpdir" value="C:\Users\navee\AppData\Local\Temp\"/>
    <property name="java.version" value="21.0.7"/>
    <property name="user.dir" value="C:\Cursor\addressbook\addressbook-rest-service"/>
    <property name="os.arch" value="amd64"/>
    <property name="java.vm.specification.name" value="Java Virtual Machine Specification"/>
    <property name="PID" value="25328"/>
    <property name="sun.os.patch.level" value=""/>
    <property name="CONSOLE_LOG_CHARSET" value="UTF-8"/>
    <property name="native.encoding" value="Cp1252"/>
    <property name="java.library.path" value="C:\Program Files\Eclipse Adoptium\jdk-21.0.7.6-hotspot\bin;C:\WINDOWS\Sun\Java\bin;C:\WINDOWS\system32;C:\WINDOWS;C:\Program Files\Eclipse Adoptium\jdk-21.0.7.6-hotspot\bin;C:\Program Files\Microsoft SDKs\Azure\CLI2\wbin;C:\Program Files\Common Files\Oracle\Java\javapath;C:\Program Files\Microsoft\jdk-17.0.6.10-hotspot\bin;C:\WINDOWS\system32;C:\WINDOWS;C:\WINDOWS\System32\Wbem;C:\WINDOWS\System32\WindowsPowerShell\v1.0\;C:\WINDOWS\System32\OpenSSH\;C:\Program Files\Kubernetes\Minikube;C:\ProgramData\chocolatey\bin;C:\Users\navee\AppData\Local\Programs\Microsoft VS Code\bin;C:\Users\navee\.vs-kubernetes\tools\kubectl\kubectl.exe;C:\Users\navee\AppData\Local\Microsoft\WindowsApps;C:\WINDOWS\system32;C:\WINDOWS;C:\WINDOWS\System32\Wbem;C:\WINDOWS\System32\WindowsPowerShell\v1.0\;C:\WINDOWS\System32\OpenSSH\;C:\Program Files\Docker\Docker\resources\bin;C:\Program Files\Git\cmd;C:\ProgramData\chocolatey\lib\maven\apache-maven-3.9.9\bin;;C:\Program Files\PostgreSQL\17\bin;C:\Program Files\nodejs\;C:\Users\navee\AppData\Local\Programs\Python\Python313\Scripts\;C:\Users\navee\AppData\Local\Programs\Python\Python313\;C:\Users\navee\AppData\Local\Coursier\data\bin;C:\Users\navee\AppData\Local\Programs\Windsurf\bin;C:\Users\navee\AppData\Roaming\npm;C:\Program Files\nodejs;;C:\Program Files\nodejs;C:\Program Files\Microsoft SQL Server\150\Tools\Binn\;C:\Program Files\Microsoft SQL Server\Client SDK\ODBC\170\Tools\Binn\;C:\Program Files\dotnet\;C:\Users\navee\AppData\Local\Programs\Python\Python313\Scripts\;C:\Users\navee\AppData\Local\Programs\Python\Python313\;C:\Users\navee\AppData\Local\Microsoft\WindowsApps;C:\Users\navee\AppData\Local\Programs\Microsoft VS Code\bin;C:\Users\navee\AppData\Local\Coursier\data\bin;C:\Users\navee\AppData\Local\Programs\Windsurf\bin;C:\Users\navee\AppData\Roaming\npm;C:\Users\navee\.dotnet\tools;C:\Users\navee\AppData\Local\Programs\cursor\resources\app\bin;."/>
    <property name="java.vm.info" value="mixed mode, sharing"/>
    <property name="stderr.encoding" value="Cp1252"/>
    <property name="java.vendor" value="Eclipse Adoptium"/>
    <property name="java.vm.version" value="21.0.7+6-LTS"/>
    <property name="sun.io.unicode.encoding" value="UnicodeLittle"/>
    <property name="java.class.version" value="65.0"/>
  </properties>
  <testcase name="createNotExistingContact" classname="test.restful.addressbook.tests.MockServerTests" time="0.051">
    <system-out><![CDATA[
  .   ____          _            __ _ _
 /\\ / ___'_ __ _ _(_)_ __  __ _ \ \ \ \
( ( )\___ | '_ | '_| | '_ \/ _` | \ \ \ \
 \\/  ___)| |_)| | | | | || (_| |  ) ) ) )
  '  |____| .__|_| |_|_| |_\__, | / / / /
 =========|_|==============|___/=/_/_/_/
 :: Spring Boot ::                (v3.2.3)

2025-06-18T16:55:50.879+10:00  INFO 25328 --- [           main] t.r.addressbook.tests.MockServerTests    : Starting MockServerTests using Java 21.0.7 with PID 25328 (started by navee in C:\Cursor\addressbook\addressbook-rest-service)
2025-06-18T16:55:50.879+10:00  INFO 25328 --- [           main] t.r.addressbook.tests.MockServerTests    : The following 1 profile is active: "test"
2025-06-18T16:55:50.879+10:00 DEBUG 25328 --- [           main] o.s.w.c.s.GenericWebApplicationContext   : Refreshing org.springframework.web.context.support.GenericWebApplicationContext@5cd701e4
2025-06-18T16:55:50.908+10:00 DEBUG 25328 --- [           main] o.s.c.a.ClassPathBeanDefinitionScanner   : Identified candidate component class: file [C:\Cursor\addressbook\addressbook-rest-service\target\classes\code\restful\addressbook\AddressBookController.class]
2025-06-18T16:55:50.908+10:00 DEBUG 25328 --- [           main] o.s.c.a.ClassPathBeanDefinitionScanner   : Identified candidate component class: file [C:\Cursor\addressbook\addressbook-rest-service\target\classes\code\restful\config\OpenApiConfig.class]
2025-06-18T16:55:50.908+10:00 DEBUG 25328 --- [           main] o.s.c.a.ClassPathBeanDefinitionScanner   : Identified candidate component class: file [C:\Cursor\addressbook\addressbook-rest-service\target\classes\code\restful\exception\GlobalExceptionHandler.class]
2025-06-18T16:55:50.908+10:00 DEBUG 25328 --- [           main] o.s.c.a.ClassPathBeanDefinitionScanner   : Identified candidate component class: file [C:\Cursor\addressbook\addressbook-rest-service\target\classes\code\restful\persistence\addressbook\InMemoryAddressBook.class]
2025-06-18T16:55:50.908+10:00 DEBUG 25328 --- [           main] o.s.c.a.ClassPathBeanDefinitionScanner   : Identified candidate component class: file [C:\Cursor\addressbook\addressbook-rest-service\target\classes\code\restful\persistence\addressbook\InMemoryAddressBook2.class]
2025-06-18T16:55:51.229+10:00 DEBUG 25328 --- [           main] s.w.s.m.m.a.RequestMappingHandlerMapping : 11 mappings in 'requestMappingHandlerMapping'
2025-06-18T16:55:51.255+10:00 DEBUG 25328 --- [           main] o.s.w.s.handler.SimpleUrlHandlerMapping  : Patterns [/webjars/**, /**, /swagger-ui*/*swagger-initializer.js, /swagger-ui*/**] in 'resourceHandlerMapping'
2025-06-18T16:55:51.267+10:00 DEBUG 25328 --- [           main] s.w.s.m.m.a.RequestMappingHandlerAdapter : ControllerAdvice beans: 0 @ModelAttribute, 0 @InitBinder, 1 RequestBodyAdvice, 1 ResponseBodyAdvice
2025-06-18T16:55:51.269+10:00 DEBUG 25328 --- [           main] .m.m.a.ExceptionHandlerExceptionResolver : ControllerAdvice beans: 2 @ExceptionHandler, 1 ResponseBodyAdvice
2025-06-18T16:55:51.306+10:00  INFO 25328 --- [           main] o.s.b.t.m.w.SpringBootMockServletContext : Initializing Spring TestDispatcherServlet ''
2025-06-18T16:55:51.306+10:00  INFO 25328 --- [           main] o.s.t.web.servlet.TestDispatcherServlet  : Initializing Servlet ''
2025-06-18T16:55:51.306+10:00 DEBUG 25328 --- [           main] o.s.t.web.servlet.TestDispatcherServlet  : Detected StandardServletMultipartResolver
2025-06-18T16:55:51.306+10:00 DEBUG 25328 --- [           main] o.s.t.web.servlet.TestDispatcherServlet  : Detected AcceptHeaderLocaleResolver
2025-06-18T16:55:51.306+10:00 DEBUG 25328 --- [           main] o.s.t.web.servlet.TestDispatcherServlet  : Detected FixedThemeResolver
2025-06-18T16:55:51.306+10:00 DEBUG 25328 --- [           main] o.s.t.web.servlet.TestDispatcherServlet  : Detected org.springframework.web.servlet.view.DefaultRequestToViewNameTranslator@4682882a
2025-06-18T16:55:51.306+10:00 DEBUG 25328 --- [           main] o.s.t.web.servlet.TestDispatcherServlet  : Detected org.springframework.web.servlet.support.SessionFlashMapManager@37fffef3
2025-06-18T16:55:51.306+10:00 DEBUG 25328 --- [           main] o.s.t.web.servlet.TestDispatcherServlet  : enableLoggingRequestDetails='false': request parameters and headers will be masked to prevent unsafe logging of potentially sensitive data
2025-06-18T16:55:51.306+10:00  INFO 25328 --- [           main] o.s.t.web.servlet.TestDispatcherServlet  : Completed initialization in 0 ms
2025-06-18T16:55:51.306+10:00 DEBUG 25328 --- [           main] o.s.c.support.DefaultLifecycleProcessor  : Starting beans in phase -2147483647
2025-06-18T16:55:51.306+10:00 DEBUG 25328 --- [           main] o.s.c.support.DefaultLifecycleProcessor  : Successfully started bean 'springBootLoggingLifecycle'
2025-06-18T16:55:51.306+10:00 DEBUG 25328 --- [           main] o.s.c.support.DefaultLifecycleProcessor  : Starting beans in phase 2147483647
2025-06-18T16:55:51.322+10:00  INFO 25328 --- [           main] t.r.addressbook.tests.MockServerTests    : Started MockServerTests in 0.522 seconds (process running for 6.087)
2025-06-18T16:55:51.322+10:00 DEBUG 25328 --- [           main] org.springframework.test.context.cache   : Spring test ApplicationContext cache statistics: [DefaultContextCache@64508788 size = 2, maxSize = 32, parentContextCount = 0, hitCount = 52, missCount = 2, failureCount = 0]
2025-06-18T16:55:51.322+10:00 DEBUG 25328 --- [           main] o.s.t.c.w.ServletTestExecutionListener   : Setting up MockHttpServletRequest, MockHttpServletResponse, ServletWebRequest, and RequestContextHolder for test class test.restful.addressbook.tests.MockServerTests
2025-06-18T16:55:51.322+10:00 DEBUG 25328 --- [           main] DependencyInjectionTestExecutionListener : Performing dependency injection for test class test.restful.addressbook.tests.MockServerTests
2025-06-18T16:55:51.322+10:00 DEBUG 25328 --- [           main] org.springframework.test.context.cache   : Spring test ApplicationContext cache statistics: [DefaultContextCache@64508788 size = 2, maxSize = 32, parentContextCount = 0, hitCount = 53, missCount = 2, failureCount = 0]
2025-06-18T16:55:51.328+10:00 DEBUG 25328 --- [           main] org.springframework.test.context.cache   : Spring test ApplicationContext cache statistics: [DefaultContextCache@64508788 size = 2, maxSize = 32, parentContextCount = 0, hitCount = 54, missCount = 2, failureCount = 0]
2025-06-18T16:55:51.328+10:00 DEBUG 25328 --- [           main] sContextBeforeModesTestExecutionListener : Before test method: class [MockServerTests], method [createNotExistingContact], class annotated with @DirtiesContext [false] with mode [null], method annotated with @DirtiesContext [false] with mode [null]
2025-06-18T16:55:51.328+10:00 DEBUG 25328 --- [           main] org.springframework.test.context.cache   : Spring test ApplicationContext cache statistics: [DefaultContextCache@64508788 size = 2, maxSize = 32, parentContextCount = 0, hitCount = 55, missCount = 2, failureCount = 0]
2025-06-18T16:55:51.328+10:00 DEBUG 25328 --- [           main] org.springframework.test.context.cache   : Spring test ApplicationContext cache statistics: [DefaultContextCache@64508788 size = 2, maxSize = 32, parentContextCount = 0, hitCount = 56, missCount = 2, failureCount = 0]
2025-06-18T16:55:51.338+10:00 DEBUG 25328 --- [           main] org.springframework.test.context.cache   : Spring test ApplicationContext cache statistics: [DefaultContextCache@64508788 size = 2, maxSize = 32, parentContextCount = 0, hitCount = 57, missCount = 2, failureCount = 0]
2025-06-18T16:55:51.339+10:00 DEBUG 25328 --- [           main] o.s.t.web.servlet.TestDispatcherServlet  : POST "/api/contacts", parameters={}
2025-06-18T16:55:51.339+10:00 DEBUG 25328 --- [           main] s.w.s.m.m.a.RequestMappingHandlerMapping : Mapped to code.restful.addressbook.AddressBookController#createContact(ContactDetailsImpl)
2025-06-18T16:55:51.358+10:00 DEBUG 25328 --- [           main] m.m.a.RequestResponseBodyMethodProcessor : Read "application/json;charset=UTF-8" to [ContactDetailsImpl{id=null, firstName='John', lastName='Doe', email='john.doe@example.com', phoneNum (truncated)...]
2025-06-18T16:55:51.372+10:00 DEBUG 25328 --- [           main] o.s.w.s.m.m.a.HttpEntityMethodProcessor  : Using 'application/json', given [*/*] and supported [application/json, application/*+json]
2025-06-18T16:55:51.372+10:00 DEBUG 25328 --- [           main] o.s.w.s.m.m.a.HttpEntityMethodProcessor  : Writing [ContactDetailsImpl{id=1, firstName='John', lastName='Doe', email='john.doe@example.com', phoneNumber (truncated)...]
2025-06-18T16:55:51.374+10:00 DEBUG 25328 --- [           main] o.s.t.web.servlet.TestDispatcherServlet  : Completed 201 CREATED

MockHttpServletRequest:
      HTTP Method = POST
      Request URI = /api/contacts
       Parameters = {}
          Headers = [Content-Type:"application/json;charset=UTF-8", Content-Length:"119"]
             Body = {"firstName":"John","lastName":"Doe","phoneNumber":"1234567890","email":"john.doe@example.com","address":"123 Main St"}
    Session Attrs = {}

Handler:
             Type = code.restful.addressbook.AddressBookController
           Method = code.restful.addressbook.AddressBookController#createContact(ContactDetailsImpl)

Async:
    Async started = false
     Async result = null

Resolved Exception:
             Type = null

ModelAndView:
        View name = null
             View = null
            Model = null

FlashMap:
       Attributes = null

MockHttpServletResponse:
           Status = 201
    Error message = null
          Headers = [Content-Type:"application/json"]
     Content type = application/json
             Body = {"type":"ContactDetailsImpl","id":1,"firstName":"John","lastName":"Doe","email":"john.doe@example.com","phoneNumber":"1234567890","address":"123 Main St"}
    Forwarded URL = null
   Redirected URL = null
          Cookies = []
2025-06-18T16:55:51.379+10:00 DEBUG 25328 --- [           main] org.springframework.test.context.cache   : Spring test ApplicationContext cache statistics: [DefaultContextCache@64508788 size = 2, maxSize = 32, parentContextCount = 0, hitCount = 58, missCount = 2, failureCount = 0]
2025-06-18T16:55:51.379+10:00 DEBUG 25328 --- [           main] org.springframework.test.context.cache   : Spring test ApplicationContext cache statistics: [DefaultContextCache@64508788 size = 2, maxSize = 32, parentContextCount = 0, hitCount = 59, missCount = 2, failureCount = 0]
2025-06-18T16:55:51.379+10:00 DEBUG 25328 --- [           main] org.springframework.test.context.cache   : Spring test ApplicationContext cache statistics: [DefaultContextCache@64508788 size = 2, maxSize = 32, parentContextCount = 0, hitCount = 60, missCount = 2, failureCount = 0]
2025-06-18T16:55:51.379+10:00 DEBUG 25328 --- [           main] org.springframework.test.context.cache   : Spring test ApplicationContext cache statistics: [DefaultContextCache@64508788 size = 2, maxSize = 32, parentContextCount = 0, hitCount = 61, missCount = 2, failureCount = 0]
2025-06-18T16:55:51.379+10:00 DEBUG 25328 --- [           main] org.springframework.test.context.cache   : Spring test ApplicationContext cache statistics: [DefaultContextCache@64508788 size = 2, maxSize = 32, parentContextCount = 0, hitCount = 62, missCount = 2, failureCount = 0]
2025-06-18T16:55:51.379+10:00 DEBUG 25328 --- [           main] org.springframework.test.context.cache   : Spring test ApplicationContext cache statistics: [DefaultContextCache@64508788 size = 2, maxSize = 32, parentContextCount = 0, hitCount = 63, missCount = 2, failureCount = 0]
2025-06-18T16:55:51.379+10:00 DEBUG 25328 --- [           main] .c.s.DirtiesContextTestExecutionListener : After test method: class [MockServerTests], method [createNotExistingContact], class annotated with @DirtiesContext [false] with mode [null], method annotated with @DirtiesContext [false] with mode [null]
2025-06-18T16:55:51.379+10:00 DEBUG 25328 --- [           main] o.s.t.c.w.ServletTestExecutionListener   : Resetting RequestContextHolder for test class test.restful.addressbook.tests.MockServerTests
]]></system-out>
  </testcase>
  <testcase name="createContactTwice" classname="test.restful.addressbook.tests.MockServerTests" time="0.026">
    <system-out><![CDATA[2025-06-18T16:55:51.379+10:00 DEBUG 25328 --- [           main] org.springframework.test.context.cache   : Spring test ApplicationContext cache statistics: [DefaultContextCache@64508788 size = 2, maxSize = 32, parentContextCount = 0, hitCount = 64, missCount = 2, failureCount = 0]
2025-06-18T16:55:51.379+10:00 DEBUG 25328 --- [           main] o.s.t.c.w.ServletTestExecutionListener   : Setting up MockHttpServletRequest, MockHttpServletResponse, ServletWebRequest, and RequestContextHolder for test class test.restful.addressbook.tests.MockServerTests
2025-06-18T16:55:51.379+10:00 DEBUG 25328 --- [           main] DependencyInjectionTestExecutionListener : Performing dependency injection for test class test.restful.addressbook.tests.MockServerTests
2025-06-18T16:55:51.389+10:00 DEBUG 25328 --- [           main] org.springframework.test.context.cache   : Spring test ApplicationContext cache statistics: [DefaultContextCache@64508788 size = 2, maxSize = 32, parentContextCount = 0, hitCount = 65, missCount = 2, failureCount = 0]
2025-06-18T16:55:51.390+10:00 DEBUG 25328 --- [           main] org.springframework.test.context.cache   : Spring test ApplicationContext cache statistics: [DefaultContextCache@64508788 size = 2, maxSize = 32, parentContextCount = 0, hitCount = 66, missCount = 2, failureCount = 0]
2025-06-18T16:55:51.392+10:00 DEBUG 25328 --- [           main] sContextBeforeModesTestExecutionListener : Before test method: class [MockServerTests], method [createContactTwice], class annotated with @DirtiesContext [false] with mode [null], method annotated with @DirtiesContext [false] with mode [null]
2025-06-18T16:55:51.393+10:00 DEBUG 25328 --- [           main] org.springframework.test.context.cache   : Spring test ApplicationContext cache statistics: [DefaultContextCache@64508788 size = 2, maxSize = 32, parentContextCount = 0, hitCount = 67, missCount = 2, failureCount = 0]
2025-06-18T16:55:51.393+10:00 DEBUG 25328 --- [           main] org.springframework.test.context.cache   : Spring test ApplicationContext cache statistics: [DefaultContextCache@64508788 size = 2, maxSize = 32, parentContextCount = 0, hitCount = 68, missCount = 2, failureCount = 0]
2025-06-18T16:55:51.395+10:00 DEBUG 25328 --- [           main] org.springframework.test.context.cache   : Spring test ApplicationContext cache statistics: [DefaultContextCache@64508788 size = 2, maxSize = 32, parentContextCount = 0, hitCount = 69, missCount = 2, failureCount = 0]
2025-06-18T16:55:51.396+10:00 DEBUG 25328 --- [           main] o.s.t.web.servlet.TestDispatcherServlet  : POST "/api/contacts", parameters={}
2025-06-18T16:55:51.397+10:00 DEBUG 25328 --- [           main] s.w.s.m.m.a.RequestMappingHandlerMapping : Mapped to code.restful.addressbook.AddressBookController#createContact(ContactDetailsImpl)
2025-06-18T16:55:51.399+10:00 DEBUG 25328 --- [           main] m.m.a.RequestResponseBodyMethodProcessor : Read "application/json;charset=UTF-8" to [ContactDetailsImpl{id=null, firstName='John', lastName='Doe', email='john.doe@example.com', phoneNum (truncated)...]
2025-06-18T16:55:51.401+10:00 DEBUG 25328 --- [           main] o.s.w.s.m.m.a.HttpEntityMethodProcessor  : Using 'application/json', given [*/*] and supported [application/json, application/*+json]
2025-06-18T16:55:51.401+10:00 DEBUG 25328 --- [           main] o.s.w.s.m.m.a.HttpEntityMethodProcessor  : Writing [ContactDetailsImpl{id=1, firstName='John', lastName='Doe', email='john.doe@example.com', phoneNumber (truncated)...]
2025-06-18T16:55:51.401+10:00 DEBUG 25328 --- [           main] o.s.t.web.servlet.TestDispatcherServlet  : Completed 201 CREATED

MockHttpServletRequest:
      HTTP Method = POST
      Request URI = /api/contacts
       Parameters = {}
          Headers = [Content-Type:"application/json;charset=UTF-8", Content-Length:"119"]
             Body = {"firstName":"John","lastName":"Doe","phoneNumber":"1234567890","email":"john.doe@example.com","address":"123 Main St"}
    Session Attrs = {}

Handler:
             Type = code.restful.addressbook.AddressBookController
           Method = code.restful.addressbook.AddressBookController#createContact(ContactDetailsImpl)

Async:
    Async started = false
     Async result = null

Resolved Exception:
             Type = null

ModelAndView:
        View name = null
             View = null
            Model = null

FlashMap:
       Attributes = null

MockHttpServletResponse:
           Status = 201
    Error message = null
          Headers = [Content-Type:"application/json"]
     Content type = application/json
             Body = {"type":"ContactDetailsImpl","id":1,"firstName":"John","lastName":"Doe","email":"john.doe@example.com","phoneNumber":"1234567890","address":"123 Main St"}
    Forwarded URL = null
   Redirected URL = null
          Cookies = []
2025-06-18T16:55:51.408+10:00 DEBUG 25328 --- [           main] o.s.t.web.servlet.TestDispatcherServlet  : POST "/api/contacts", parameters={}
2025-06-18T16:55:51.409+10:00 DEBUG 25328 --- [           main] s.w.s.m.m.a.RequestMappingHandlerMapping : Mapped to code.restful.addressbook.AddressBookController#createContact(ContactDetailsImpl)
2025-06-18T16:55:51.410+10:00 DEBUG 25328 --- [           main] m.m.a.RequestResponseBodyMethodProcessor : Read "application/json;charset=UTF-8" to [ContactDetailsImpl{id=null, firstName='John', lastName='Doe', email='john.doe@example.com', phoneNum (truncated)...]
2025-06-18T16:55:51.412+10:00 DEBUG 25328 --- [           main] o.s.w.s.m.m.a.HttpEntityMethodProcessor  : Using 'application/json', given [*/*] and supported [application/json, application/*+json]
2025-06-18T16:55:51.412+10:00 DEBUG 25328 --- [           main] o.s.w.s.m.m.a.HttpEntityMethodProcessor  : Nothing to write: null body
2025-06-18T16:55:51.412+10:00 DEBUG 25328 --- [           main] o.s.t.web.servlet.TestDispatcherServlet  : Completed 409 CONFLICT

MockHttpServletRequest:
      HTTP Method = POST
      Request URI = /api/contacts
       Parameters = {}
          Headers = [Content-Type:"application/json;charset=UTF-8", Content-Length:"119"]
             Body = {"firstName":"John","lastName":"Doe","phoneNumber":"1234567890","email":"john.doe@example.com","address":"123 Main St"}
    Session Attrs = {}

Handler:
             Type = code.restful.addressbook.AddressBookController
           Method = code.restful.addressbook.AddressBookController#createContact(ContactDetailsImpl)

Async:
    Async started = false
     Async result = null

Resolved Exception:
             Type = null

ModelAndView:
        View name = null
             View = null
            Model = null

FlashMap:
       Attributes = null

MockHttpServletResponse:
           Status = 409
    Error message = null
          Headers = []
     Content type = null
             Body = 
    Forwarded URL = null
   Redirected URL = null
          Cookies = []
2025-06-18T16:55:51.417+10:00 DEBUG 25328 --- [           main] org.springframework.test.context.cache   : Spring test ApplicationContext cache statistics: [DefaultContextCache@64508788 size = 2, maxSize = 32, parentContextCount = 0, hitCount = 70, missCount = 2, failureCount = 0]
2025-06-18T16:55:51.417+10:00 DEBUG 25328 --- [           main] org.springframework.test.context.cache   : Spring test ApplicationContext cache statistics: [DefaultContextCache@64508788 size = 2, maxSize = 32, parentContextCount = 0, hitCount = 71, missCount = 2, failureCount = 0]
2025-06-18T16:55:51.417+10:00 DEBUG 25328 --- [           main] org.springframework.test.context.cache   : Spring test ApplicationContext cache statistics: [DefaultContextCache@64508788 size = 2, maxSize = 32, parentContextCount = 0, hitCount = 72, missCount = 2, failureCount = 0]
2025-06-18T16:55:51.417+10:00 DEBUG 25328 --- [           main] org.springframework.test.context.cache   : Spring test ApplicationContext cache statistics: [DefaultContextCache@64508788 size = 2, maxSize = 32, parentContextCount = 0, hitCount = 73, missCount = 2, failureCount = 0]
2025-06-18T16:55:51.417+10:00 DEBUG 25328 --- [           main] org.springframework.test.context.cache   : Spring test ApplicationContext cache statistics: [DefaultContextCache@64508788 size = 2, maxSize = 32, parentContextCount = 0, hitCount = 74, missCount = 2, failureCount = 0]
2025-06-18T16:55:51.417+10:00 DEBUG 25328 --- [           main] org.springframework.test.context.cache   : Spring test ApplicationContext cache statistics: [DefaultContextCache@64508788 size = 2, maxSize = 32, parentContextCount = 0, hitCount = 75, missCount = 2, failureCount = 0]
2025-06-18T16:55:51.417+10:00 DEBUG 25328 --- [           main] .c.s.DirtiesContextTestExecutionListener : After test method: class [MockServerTests], method [createContactTwice], class annotated with @DirtiesContext [false] with mode [null], method annotated with @DirtiesContext [false] with mode [null]
2025-06-18T16:55:51.417+10:00 DEBUG 25328 --- [           main] o.s.t.c.w.ServletTestExecutionListener   : Resetting RequestContextHolder for test class test.restful.addressbook.tests.MockServerTests
]]></system-out>
  </testcase>
  <testcase name="getAllContacts" classname="test.restful.addressbook.tests.MockServerTests" time="0.019">
    <system-out><![CDATA[2025-06-18T16:55:51.417+10:00 DEBUG 25328 --- [           main] org.springframework.test.context.cache   : Spring test ApplicationContext cache statistics: [DefaultContextCache@64508788 size = 2, maxSize = 32, parentContextCount = 0, hitCount = 76, missCount = 2, failureCount = 0]
2025-06-18T16:55:51.417+10:00 DEBUG 25328 --- [           main] o.s.t.c.w.ServletTestExecutionListener   : Setting up MockHttpServletRequest, MockHttpServletResponse, ServletWebRequest, and RequestContextHolder for test class test.restful.addressbook.tests.MockServerTests
2025-06-18T16:55:51.417+10:00 DEBUG 25328 --- [           main] DependencyInjectionTestExecutionListener : Performing dependency injection for test class test.restful.addressbook.tests.MockServerTests
2025-06-18T16:55:51.422+10:00 DEBUG 25328 --- [           main] org.springframework.test.context.cache   : Spring test ApplicationContext cache statistics: [DefaultContextCache@64508788 size = 2, maxSize = 32, parentContextCount = 0, hitCount = 77, missCount = 2, failureCount = 0]
2025-06-18T16:55:51.423+10:00 DEBUG 25328 --- [           main] org.springframework.test.context.cache   : Spring test ApplicationContext cache statistics: [DefaultContextCache@64508788 size = 2, maxSize = 32, parentContextCount = 0, hitCount = 78, missCount = 2, failureCount = 0]
2025-06-18T16:55:51.427+10:00 DEBUG 25328 --- [           main] sContextBeforeModesTestExecutionListener : Before test method: class [MockServerTests], method [getAllContacts], class annotated with @DirtiesContext [false] with mode [null], method annotated with @DirtiesContext [false] with mode [null]
2025-06-18T16:55:51.427+10:00 DEBUG 25328 --- [           main] org.springframework.test.context.cache   : Spring test ApplicationContext cache statistics: [DefaultContextCache@64508788 size = 2, maxSize = 32, parentContextCount = 0, hitCount = 79, missCount = 2, failureCount = 0]
2025-06-18T16:55:51.427+10:00 DEBUG 25328 --- [           main] org.springframework.test.context.cache   : Spring test ApplicationContext cache statistics: [DefaultContextCache@64508788 size = 2, maxSize = 32, parentContextCount = 0, hitCount = 80, missCount = 2, failureCount = 0]
2025-06-18T16:55:51.427+10:00 DEBUG 25328 --- [           main] org.springframework.test.context.cache   : Spring test ApplicationContext cache statistics: [DefaultContextCache@64508788 size = 2, maxSize = 32, parentContextCount = 0, hitCount = 81, missCount = 2, failureCount = 0]
2025-06-18T16:55:51.427+10:00 DEBUG 25328 --- [           main] o.s.t.web.servlet.TestDispatcherServlet  : GET "/api/contacts", parameters={}
2025-06-18T16:55:51.427+10:00 DEBUG 25328 --- [           main] s.w.s.m.m.a.RequestMappingHandlerMapping : Mapped to code.restful.addressbook.AddressBookController#getContacts(Optional, Optional, Optional)
2025-06-18T16:55:51.439+10:00 DEBUG 25328 --- [           main] o.s.w.s.m.m.a.HttpEntityMethodProcessor  : Using 'application/json', given [*/*] and supported [application/json, application/*+json]
2025-06-18T16:55:51.439+10:00 DEBUG 25328 --- [           main] o.s.w.s.m.m.a.HttpEntityMethodProcessor  : Writing [[ContactDetailsImpl{id=1, firstName='Contact', lastName='ONE', email='null', phoneNumber='+61426-555 (truncated)...]
2025-06-18T16:55:51.443+10:00 DEBUG 25328 --- [           main] o.s.t.web.servlet.TestDispatcherServlet  : Completed 200 OK

MockHttpServletRequest:
      HTTP Method = GET
      Request URI = /api/contacts
       Parameters = {}
          Headers = []
             Body = null
    Session Attrs = {}

Handler:
             Type = code.restful.addressbook.AddressBookController
           Method = code.restful.addressbook.AddressBookController#getContacts(Optional, Optional, Optional)

Async:
    Async started = false
     Async result = null

Resolved Exception:
             Type = null

ModelAndView:
        View name = null
             View = null
            Model = null

FlashMap:
       Attributes = null

MockHttpServletResponse:
           Status = 200
    Error message = null
          Headers = [Content-Type:"application/json"]
     Content type = application/json
             Body = [{"id":1,"firstName":"Contact","lastName":"ONE","email":null,"phoneNumber":"+61426-555-251","address":null},{"id":2,"firstName":"Contact","lastName":"TWO","email":null,"phoneNumber":"+61-426-555-252","address":null},{"id":3,"firstName":"Contact","lastName":"THREE","email":null,"phoneNumber":"+61-426-555-253","address":null}]
    Forwarded URL = null
   Redirected URL = null
          Cookies = []
2025-06-18T16:55:51.443+10:00 DEBUG 25328 --- [           main] org.springframework.test.context.cache   : Spring test ApplicationContext cache statistics: [DefaultContextCache@64508788 size = 2, maxSize = 32, parentContextCount = 0, hitCount = 82, missCount = 2, failureCount = 0]
2025-06-18T16:55:51.443+10:00 DEBUG 25328 --- [           main] org.springframework.test.context.cache   : Spring test ApplicationContext cache statistics: [DefaultContextCache@64508788 size = 2, maxSize = 32, parentContextCount = 0, hitCount = 83, missCount = 2, failureCount = 0]
2025-06-18T16:55:51.443+10:00 DEBUG 25328 --- [           main] org.springframework.test.context.cache   : Spring test ApplicationContext cache statistics: [DefaultContextCache@64508788 size = 2, maxSize = 32, parentContextCount = 0, hitCount = 84, missCount = 2, failureCount = 0]
2025-06-18T16:55:51.443+10:00 DEBUG 25328 --- [           main] org.springframework.test.context.cache   : Spring test ApplicationContext cache statistics: [DefaultContextCache@64508788 size = 2, maxSize = 32, parentContextCount = 0, hitCount = 85, missCount = 2, failureCount = 0]
2025-06-18T16:55:51.443+10:00 DEBUG 25328 --- [           main] org.springframework.test.context.cache   : Spring test ApplicationContext cache statistics: [DefaultContextCache@64508788 size = 2, maxSize = 32, parentContextCount = 0, hitCount = 86, missCount = 2, failureCount = 0]
2025-06-18T16:55:51.443+10:00 DEBUG 25328 --- [           main] org.springframework.test.context.cache   : Spring test ApplicationContext cache statistics: [DefaultContextCache@64508788 size = 2, maxSize = 32, parentContextCount = 0, hitCount = 87, missCount = 2, failureCount = 0]
2025-06-18T16:55:51.443+10:00 DEBUG 25328 --- [           main] .c.s.DirtiesContextTestExecutionListener : After test method: class [MockServerTests], method [getAllContacts], class annotated with @DirtiesContext [false] with mode [null], method annotated with @DirtiesContext [false] with mode [null]
2025-06-18T16:55:51.443+10:00 DEBUG 25328 --- [           main] o.s.t.c.w.ServletTestExecutionListener   : Resetting RequestContextHolder for test class test.restful.addressbook.tests.MockServerTests
]]></system-out>
  </testcase>
  <testcase name="findContactsByNotExistingFirstName" classname="test.restful.addressbook.tests.MockServerTests" time="0.019">
    <system-out><![CDATA[2025-06-18T16:55:51.443+10:00 DEBUG 25328 --- [           main] org.springframework.test.context.cache   : Spring test ApplicationContext cache statistics: [DefaultContextCache@64508788 size = 2, maxSize = 32, parentContextCount = 0, hitCount = 88, missCount = 2, failureCount = 0]
2025-06-18T16:55:51.443+10:00 DEBUG 25328 --- [           main] o.s.t.c.w.ServletTestExecutionListener   : Setting up MockHttpServletRequest, MockHttpServletResponse, ServletWebRequest, and RequestContextHolder for test class test.restful.addressbook.tests.MockServerTests
2025-06-18T16:55:51.443+10:00 DEBUG 25328 --- [           main] DependencyInjectionTestExecutionListener : Performing dependency injection for test class test.restful.addressbook.tests.MockServerTests
2025-06-18T16:55:51.443+10:00 DEBUG 25328 --- [           main] org.springframework.test.context.cache   : Spring test ApplicationContext cache statistics: [DefaultContextCache@64508788 size = 2, maxSize = 32, parentContextCount = 0, hitCount = 89, missCount = 2, failureCount = 0]
2025-06-18T16:55:51.455+10:00 DEBUG 25328 --- [           main] org.springframework.test.context.cache   : Spring test ApplicationContext cache statistics: [DefaultContextCache@64508788 size = 2, maxSize = 32, parentContextCount = 0, hitCount = 90, missCount = 2, failureCount = 0]
2025-06-18T16:55:51.459+10:00 DEBUG 25328 --- [           main] sContextBeforeModesTestExecutionListener : Before test method: class [MockServerTests], method [findContactsByNotExistingFirstName], class annotated with @DirtiesContext [false] with mode [null], method annotated with @DirtiesContext [false] with mode [null]
2025-06-18T16:55:51.459+10:00 DEBUG 25328 --- [           main] org.springframework.test.context.cache   : Spring test ApplicationContext cache statistics: [DefaultContextCache@64508788 size = 2, maxSize = 32, parentContextCount = 0, hitCount = 91, missCount = 2, failureCount = 0]
2025-06-18T16:55:51.460+10:00 DEBUG 25328 --- [           main] org.springframework.test.context.cache   : Spring test ApplicationContext cache statistics: [DefaultContextCache@64508788 size = 2, maxSize = 32, parentContextCount = 0, hitCount = 92, missCount = 2, failureCount = 0]
2025-06-18T16:55:51.461+10:00 DEBUG 25328 --- [           main] org.springframework.test.context.cache   : Spring test ApplicationContext cache statistics: [DefaultContextCache@64508788 size = 2, maxSize = 32, parentContextCount = 0, hitCount = 93, missCount = 2, failureCount = 0]
2025-06-18T16:55:51.461+10:00 DEBUG 25328 --- [           main] o.s.t.web.servlet.TestDispatcherServlet  : GET "/api/contacts", parameters={masked}
2025-06-18T16:55:51.461+10:00 DEBUG 25328 --- [           main] s.w.s.m.m.a.RequestMappingHandlerMapping : Mapped to code.restful.addressbook.AddressBookController#getContacts(Optional, Optional, Optional)
2025-06-18T16:55:51.461+10:00 DEBUG 25328 --- [           main] o.s.w.s.m.m.a.HttpEntityMethodProcessor  : Using 'application/json', given [*/*] and supported [application/json, application/*+json]
2025-06-18T16:55:51.461+10:00 DEBUG 25328 --- [           main] o.s.w.s.m.m.a.HttpEntityMethodProcessor  : Writing [[]]
2025-06-18T16:55:51.461+10:00 DEBUG 25328 --- [           main] o.s.t.web.servlet.TestDispatcherServlet  : Completed 200 OK

MockHttpServletRequest:
      HTTP Method = GET
      Request URI = /api/contacts
       Parameters = {firstName=[asdfghjkqwertqewtqadfafdlkhouwe]}
          Headers = []
             Body = null
    Session Attrs = {}

Handler:
             Type = code.restful.addressbook.AddressBookController
           Method = code.restful.addressbook.AddressBookController#getContacts(Optional, Optional, Optional)

Async:
    Async started = false
     Async result = null

Resolved Exception:
             Type = null

ModelAndView:
        View name = null
             View = null
            Model = null

FlashMap:
       Attributes = null

MockHttpServletResponse:
           Status = 200
    Error message = null
          Headers = [Content-Type:"application/json"]
     Content type = application/json
             Body = []
    Forwarded URL = null
   Redirected URL = null
          Cookies = []
2025-06-18T16:55:51.473+10:00 DEBUG 25328 --- [           main] org.springframework.test.context.cache   : Spring test ApplicationContext cache statistics: [DefaultContextCache@64508788 size = 2, maxSize = 32, parentContextCount = 0, hitCount = 94, missCount = 2, failureCount = 0]
2025-06-18T16:55:51.474+10:00 DEBUG 25328 --- [           main] org.springframework.test.context.cache   : Spring test ApplicationContext cache statistics: [DefaultContextCache@64508788 size = 2, maxSize = 32, parentContextCount = 0, hitCount = 95, missCount = 2, failureCount = 0]
2025-06-18T16:55:51.474+10:00 DEBUG 25328 --- [           main] org.springframework.test.context.cache   : Spring test ApplicationContext cache statistics: [DefaultContextCache@64508788 size = 2, maxSize = 32, parentContextCount = 0, hitCount = 96, missCount = 2, failureCount = 0]
2025-06-18T16:55:51.474+10:00 DEBUG 25328 --- [           main] org.springframework.test.context.cache   : Spring test ApplicationContext cache statistics: [DefaultContextCache@64508788 size = 2, maxSize = 32, parentContextCount = 0, hitCount = 97, missCount = 2, failureCount = 0]
2025-06-18T16:55:51.475+10:00 DEBUG 25328 --- [           main] org.springframework.test.context.cache   : Spring test ApplicationContext cache statistics: [DefaultContextCache@64508788 size = 2, maxSize = 32, parentContextCount = 0, hitCount = 98, missCount = 2, failureCount = 0]
2025-06-18T16:55:51.476+10:00 DEBUG 25328 --- [           main] org.springframework.test.context.cache   : Spring test ApplicationContext cache statistics: [DefaultContextCache@64508788 size = 2, maxSize = 32, parentContextCount = 0, hitCount = 99, missCount = 2, failureCount = 0]
2025-06-18T16:55:51.476+10:00 DEBUG 25328 --- [           main] .c.s.DirtiesContextTestExecutionListener : After test method: class [MockServerTests], method [findContactsByNotExistingFirstName], class annotated with @DirtiesContext [false] with mode [null], method annotated with @DirtiesContext [false] with mode [null]
2025-06-18T16:55:51.476+10:00 DEBUG 25328 --- [           main] o.s.t.c.w.ServletTestExecutionListener   : Resetting RequestContextHolder for test class test.restful.addressbook.tests.MockServerTests
]]></system-out>
  </testcase>
  <testcase name="findContactsByFirstName" classname="test.restful.addressbook.tests.MockServerTests" time="0.014">
    <system-out><![CDATA[2025-06-18T16:55:51.478+10:00 DEBUG 25328 --- [           main] org.springframework.test.context.cache   : Spring test ApplicationContext cache statistics: [DefaultContextCache@64508788 size = 2, maxSize = 32, parentContextCount = 0, hitCount = 100, missCount = 2, failureCount = 0]
2025-06-18T16:55:51.478+10:00 DEBUG 25328 --- [           main] o.s.t.c.w.ServletTestExecutionListener   : Setting up MockHttpServletRequest, MockHttpServletResponse, ServletWebRequest, and RequestContextHolder for test class test.restful.addressbook.tests.MockServerTests
2025-06-18T16:55:51.478+10:00 DEBUG 25328 --- [           main] DependencyInjectionTestExecutionListener : Performing dependency injection for test class test.restful.addressbook.tests.MockServerTests
2025-06-18T16:55:51.478+10:00 DEBUG 25328 --- [           main] org.springframework.test.context.cache   : Spring test ApplicationContext cache statistics: [DefaultContextCache@64508788 size = 2, maxSize = 32, parentContextCount = 0, hitCount = 101, missCount = 2, failureCount = 0]
2025-06-18T16:55:51.480+10:00 DEBUG 25328 --- [           main] org.springframework.test.context.cache   : Spring test ApplicationContext cache statistics: [DefaultContextCache@64508788 size = 2, maxSize = 32, parentContextCount = 0, hitCount = 102, missCount = 2, failureCount = 0]
2025-06-18T16:55:51.484+10:00 DEBUG 25328 --- [           main] sContextBeforeModesTestExecutionListener : Before test method: class [MockServerTests], method [findContactsByFirstName], class annotated with @DirtiesContext [false] with mode [null], method annotated with @DirtiesContext [false] with mode [null]
2025-06-18T16:55:51.484+10:00 DEBUG 25328 --- [           main] org.springframework.test.context.cache   : Spring test ApplicationContext cache statistics: [DefaultContextCache@64508788 size = 2, maxSize = 32, parentContextCount = 0, hitCount = 103, missCount = 2, failureCount = 0]
2025-06-18T16:55:51.484+10:00 DEBUG 25328 --- [           main] org.springframework.test.context.cache   : Spring test ApplicationContext cache statistics: [DefaultContextCache@64508788 size = 2, maxSize = 32, parentContextCount = 0, hitCount = 104, missCount = 2, failureCount = 0]
2025-06-18T16:55:51.486+10:00 DEBUG 25328 --- [           main] org.springframework.test.context.cache   : Spring test ApplicationContext cache statistics: [DefaultContextCache@64508788 size = 2, maxSize = 32, parentContextCount = 0, hitCount = 105, missCount = 2, failureCount = 0]
2025-06-18T16:55:51.489+10:00 DEBUG 25328 --- [           main] o.s.t.web.servlet.TestDispatcherServlet  : GET "/api/contacts", parameters={masked}
2025-06-18T16:55:51.490+10:00 DEBUG 25328 --- [           main] s.w.s.m.m.a.RequestMappingHandlerMapping : Mapped to code.restful.addressbook.AddressBookController#getContacts(Optional, Optional, Optional)
2025-06-18T16:55:51.492+10:00 DEBUG 25328 --- [           main] o.s.w.s.m.m.a.HttpEntityMethodProcessor  : Using 'application/json', given [*/*] and supported [application/json, application/*+json]
2025-06-18T16:55:51.492+10:00 DEBUG 25328 --- [           main] o.s.w.s.m.m.a.HttpEntityMethodProcessor  : Writing [[ContactDetailsImpl{id=1, firstName='Contact', lastName='ONE', email='null', phoneNumber='+61426-555 (truncated)...]
2025-06-18T16:55:51.492+10:00 DEBUG 25328 --- [           main] o.s.t.web.servlet.TestDispatcherServlet  : Completed 200 OK

MockHttpServletRequest:
      HTTP Method = GET
      Request URI = /api/contacts
       Parameters = {firstName=[Contact]}
          Headers = []
             Body = null
    Session Attrs = {}

Handler:
             Type = code.restful.addressbook.AddressBookController
           Method = code.restful.addressbook.AddressBookController#getContacts(Optional, Optional, Optional)

Async:
    Async started = false
     Async result = null

Resolved Exception:
             Type = null

ModelAndView:
        View name = null
             View = null
            Model = null

FlashMap:
       Attributes = null

MockHttpServletResponse:
           Status = 200
    Error message = null
          Headers = [Content-Type:"application/json"]
     Content type = application/json
             Body = [{"id":1,"firstName":"Contact","lastName":"ONE","email":null,"phoneNumber":"+61426-555-251","address":null},{"id":2,"firstName":"Contact","lastName":"TWO","email":null,"phoneNumber":"+61-426-555-252","address":null},{"id":3,"firstName":"Contact","lastName":"THREE","email":null,"phoneNumber":"+61-426-555-253","address":null}]
    Forwarded URL = null
   Redirected URL = null
          Cookies = []
2025-06-18T16:55:51.496+10:00 DEBUG 25328 --- [           main] org.springframework.test.context.cache   : Spring test ApplicationContext cache statistics: [DefaultContextCache@64508788 size = 2, maxSize = 32, parentContextCount = 0, hitCount = 106, missCount = 2, failureCount = 0]
2025-06-18T16:55:51.496+10:00 DEBUG 25328 --- [           main] org.springframework.test.context.cache   : Spring test ApplicationContext cache statistics: [DefaultContextCache@64508788 size = 2, maxSize = 32, parentContextCount = 0, hitCount = 107, missCount = 2, failureCount = 0]
2025-06-18T16:55:51.496+10:00 DEBUG 25328 --- [           main] org.springframework.test.context.cache   : Spring test ApplicationContext cache statistics: [DefaultContextCache@64508788 size = 2, maxSize = 32, parentContextCount = 0, hitCount = 108, missCount = 2, failureCount = 0]
2025-06-18T16:55:51.496+10:00 DEBUG 25328 --- [           main] org.springframework.test.context.cache   : Spring test ApplicationContext cache statistics: [DefaultContextCache@64508788 size = 2, maxSize = 32, parentContextCount = 0, hitCount = 109, missCount = 2, failureCount = 0]
2025-06-18T16:55:51.496+10:00 DEBUG 25328 --- [           main] org.springframework.test.context.cache   : Spring test ApplicationContext cache statistics: [DefaultContextCache@64508788 size = 2, maxSize = 32, parentContextCount = 0, hitCount = 110, missCount = 2, failureCount = 0]
2025-06-18T16:55:51.496+10:00 DEBUG 25328 --- [           main] org.springframework.test.context.cache   : Spring test ApplicationContext cache statistics: [DefaultContextCache@64508788 size = 2, maxSize = 32, parentContextCount = 0, hitCount = 111, missCount = 2, failureCount = 0]
2025-06-18T16:55:51.496+10:00 DEBUG 25328 --- [           main] .c.s.DirtiesContextTestExecutionListener : After test method: class [MockServerTests], method [findContactsByFirstName], class annotated with @DirtiesContext [false] with mode [null], method annotated with @DirtiesContext [false] with mode [null]
2025-06-18T16:55:51.496+10:00 DEBUG 25328 --- [           main] o.s.t.c.w.ServletTestExecutionListener   : Resetting RequestContextHolder for test class test.restful.addressbook.tests.MockServerTests
]]></system-out>
  </testcase>
  <testcase name="findNotExistingContactById" classname="test.restful.addressbook.tests.MockServerTests" time="0.02">
    <system-out><![CDATA[2025-06-18T16:55:51.496+10:00 DEBUG 25328 --- [           main] org.springframework.test.context.cache   : Spring test ApplicationContext cache statistics: [DefaultContextCache@64508788 size = 2, maxSize = 32, parentContextCount = 0, hitCount = 112, missCount = 2, failureCount = 0]
2025-06-18T16:55:51.496+10:00 DEBUG 25328 --- [           main] o.s.t.c.w.ServletTestExecutionListener   : Setting up MockHttpServletRequest, MockHttpServletResponse, ServletWebRequest, and RequestContextHolder for test class test.restful.addressbook.tests.MockServerTests
2025-06-18T16:55:51.496+10:00 DEBUG 25328 --- [           main] DependencyInjectionTestExecutionListener : Performing dependency injection for test class test.restful.addressbook.tests.MockServerTests
2025-06-18T16:55:51.496+10:00 DEBUG 25328 --- [           main] org.springframework.test.context.cache   : Spring test ApplicationContext cache statistics: [DefaultContextCache@64508788 size = 2, maxSize = 32, parentContextCount = 0, hitCount = 113, missCount = 2, failureCount = 0]
2025-06-18T16:55:51.496+10:00 DEBUG 25328 --- [           main] org.springframework.test.context.cache   : Spring test ApplicationContext cache statistics: [DefaultContextCache@64508788 size = 2, maxSize = 32, parentContextCount = 0, hitCount = 114, missCount = 2, failureCount = 0]
2025-06-18T16:55:51.496+10:00 DEBUG 25328 --- [           main] sContextBeforeModesTestExecutionListener : Before test method: class [MockServerTests], method [findNotExistingContactById], class annotated with @DirtiesContext [false] with mode [null], method annotated with @DirtiesContext [false] with mode [null]
2025-06-18T16:55:51.496+10:00 DEBUG 25328 --- [           main] org.springframework.test.context.cache   : Spring test ApplicationContext cache statistics: [DefaultContextCache@64508788 size = 2, maxSize = 32, parentContextCount = 0, hitCount = 115, missCount = 2, failureCount = 0]
2025-06-18T16:55:51.496+10:00 DEBUG 25328 --- [           main] org.springframework.test.context.cache   : Spring test ApplicationContext cache statistics: [DefaultContextCache@64508788 size = 2, maxSize = 32, parentContextCount = 0, hitCount = 116, missCount = 2, failureCount = 0]
2025-06-18T16:55:51.504+10:00 DEBUG 25328 --- [           main] org.springframework.test.context.cache   : Spring test ApplicationContext cache statistics: [DefaultContextCache@64508788 size = 2, maxSize = 32, parentContextCount = 0, hitCount = 117, missCount = 2, failureCount = 0]
2025-06-18T16:55:51.506+10:00 DEBUG 25328 --- [           main] o.s.t.web.servlet.TestDispatcherServlet  : GET "/api/contacts/4", parameters={}
2025-06-18T16:55:51.510+10:00 DEBUG 25328 --- [           main] s.w.s.m.m.a.RequestMappingHandlerMapping : Mapped to code.restful.addressbook.AddressBookController#getContactById(Long)
2025-06-18T16:55:51.514+10:00 DEBUG 25328 --- [           main] o.s.w.s.m.m.a.HttpEntityMethodProcessor  : Using 'application/json', given [*/*] and supported [application/json, application/*+json]
2025-06-18T16:55:51.514+10:00 DEBUG 25328 --- [           main] o.s.w.s.m.m.a.HttpEntityMethodProcessor  : Nothing to write: null body
2025-06-18T16:55:51.514+10:00 DEBUG 25328 --- [           main] o.s.t.web.servlet.TestDispatcherServlet  : Completed 404 NOT_FOUND

MockHttpServletRequest:
      HTTP Method = GET
      Request URI = /api/contacts/4
       Parameters = {}
          Headers = []
             Body = null
    Session Attrs = {}

Handler:
             Type = code.restful.addressbook.AddressBookController
           Method = code.restful.addressbook.AddressBookController#getContactById(Long)

Async:
    Async started = false
     Async result = null

Resolved Exception:
             Type = null

ModelAndView:
        View name = null
             View = null
            Model = null

FlashMap:
       Attributes = null

MockHttpServletResponse:
           Status = 404
    Error message = null
          Headers = []
     Content type = null
             Body = 
    Forwarded URL = null
   Redirected URL = null
          Cookies = []
2025-06-18T16:55:51.516+10:00 DEBUG 25328 --- [           main] org.springframework.test.context.cache   : Spring test ApplicationContext cache statistics: [DefaultContextCache@64508788 size = 2, maxSize = 32, parentContextCount = 0, hitCount = 118, missCount = 2, failureCount = 0]
2025-06-18T16:55:51.516+10:00 DEBUG 25328 --- [           main] org.springframework.test.context.cache   : Spring test ApplicationContext cache statistics: [DefaultContextCache@64508788 size = 2, maxSize = 32, parentContextCount = 0, hitCount = 119, missCount = 2, failureCount = 0]
2025-06-18T16:55:51.516+10:00 DEBUG 25328 --- [           main] org.springframework.test.context.cache   : Spring test ApplicationContext cache statistics: [DefaultContextCache@64508788 size = 2, maxSize = 32, parentContextCount = 0, hitCount = 120, missCount = 2, failureCount = 0]
2025-06-18T16:55:51.516+10:00 DEBUG 25328 --- [           main] org.springframework.test.context.cache   : Spring test ApplicationContext cache statistics: [DefaultContextCache@64508788 size = 2, maxSize = 32, parentContextCount = 0, hitCount = 121, missCount = 2, failureCount = 0]
2025-06-18T16:55:51.516+10:00 DEBUG 25328 --- [           main] org.springframework.test.context.cache   : Spring test ApplicationContext cache statistics: [DefaultContextCache@64508788 size = 2, maxSize = 32, parentContextCount = 0, hitCount = 122, missCount = 2, failureCount = 0]
2025-06-18T16:55:51.516+10:00 DEBUG 25328 --- [           main] org.springframework.test.context.cache   : Spring test ApplicationContext cache statistics: [DefaultContextCache@64508788 size = 2, maxSize = 32, parentContextCount = 0, hitCount = 123, missCount = 2, failureCount = 0]
2025-06-18T16:55:51.516+10:00 DEBUG 25328 --- [           main] .c.s.DirtiesContextTestExecutionListener : After test method: class [MockServerTests], method [findNotExistingContactById], class annotated with @DirtiesContext [false] with mode [null], method annotated with @DirtiesContext [false] with mode [null]
2025-06-18T16:55:51.516+10:00 DEBUG 25328 --- [           main] o.s.t.c.w.ServletTestExecutionListener   : Resetting RequestContextHolder for test class test.restful.addressbook.tests.MockServerTests
]]></system-out>
  </testcase>
  <testcase name="findContactsByPhone" classname="test.restful.addressbook.tests.MockServerTests" time="0.018">
    <system-out><![CDATA[2025-06-18T16:55:51.516+10:00 DEBUG 25328 --- [           main] org.springframework.test.context.cache   : Spring test ApplicationContext cache statistics: [DefaultContextCache@64508788 size = 2, maxSize = 32, parentContextCount = 0, hitCount = 124, missCount = 2, failureCount = 0]
2025-06-18T16:55:51.516+10:00 DEBUG 25328 --- [           main] o.s.t.c.w.ServletTestExecutionListener   : Setting up MockHttpServletRequest, MockHttpServletResponse, ServletWebRequest, and RequestContextHolder for test class test.restful.addressbook.tests.MockServerTests
2025-06-18T16:55:51.520+10:00 DEBUG 25328 --- [           main] DependencyInjectionTestExecutionListener : Performing dependency injection for test class test.restful.addressbook.tests.MockServerTests
2025-06-18T16:55:51.520+10:00 DEBUG 25328 --- [           main] org.springframework.test.context.cache   : Spring test ApplicationContext cache statistics: [DefaultContextCache@64508788 size = 2, maxSize = 32, parentContextCount = 0, hitCount = 125, missCount = 2, failureCount = 0]
2025-06-18T16:55:51.520+10:00 DEBUG 25328 --- [           main] org.springframework.test.context.cache   : Spring test ApplicationContext cache statistics: [DefaultContextCache@64508788 size = 2, maxSize = 32, parentContextCount = 0, hitCount = 126, missCount = 2, failureCount = 0]
2025-06-18T16:55:51.527+10:00 DEBUG 25328 --- [           main] sContextBeforeModesTestExecutionListener : Before test method: class [MockServerTests], method [findContactsByPhone], class annotated with @DirtiesContext [false] with mode [null], method annotated with @DirtiesContext [false] with mode [null]
2025-06-18T16:55:51.529+10:00 DEBUG 25328 --- [           main] org.springframework.test.context.cache   : Spring test ApplicationContext cache statistics: [DefaultContextCache@64508788 size = 2, maxSize = 32, parentContextCount = 0, hitCount = 127, missCount = 2, failureCount = 0]
2025-06-18T16:55:51.531+10:00 DEBUG 25328 --- [           main] org.springframework.test.context.cache   : Spring test ApplicationContext cache statistics: [DefaultContextCache@64508788 size = 2, maxSize = 32, parentContextCount = 0, hitCount = 128, missCount = 2, failureCount = 0]
2025-06-18T16:55:51.531+10:00 DEBUG 25328 --- [           main] org.springframework.test.context.cache   : Spring test ApplicationContext cache statistics: [DefaultContextCache@64508788 size = 2, maxSize = 32, parentContextCount = 0, hitCount = 129, missCount = 2, failureCount = 0]
2025-06-18T16:55:51.531+10:00 DEBUG 25328 --- [           main] o.s.t.web.servlet.TestDispatcherServlet  : GET "/api/contacts", parameters={masked}
2025-06-18T16:55:51.531+10:00 DEBUG 25328 --- [           main] s.w.s.m.m.a.RequestMappingHandlerMapping : Mapped to code.restful.addressbook.AddressBookController#getContacts(Optional, Optional, Optional)
2025-06-18T16:55:51.531+10:00 DEBUG 25328 --- [           main] o.s.w.s.m.m.a.HttpEntityMethodProcessor  : Using 'application/json', given [*/*] and supported [application/json, application/*+json]
2025-06-18T16:55:51.531+10:00 DEBUG 25328 --- [           main] o.s.w.s.m.m.a.HttpEntityMethodProcessor  : Writing [[ContactDetailsImpl{id=1, firstName='Contact', lastName='ONE', email='null', phoneNumber='+61426-555 (truncated)...]
2025-06-18T16:55:51.531+10:00 DEBUG 25328 --- [           main] o.s.t.web.servlet.TestDispatcherServlet  : Completed 200 OK

MockHttpServletRequest:
      HTTP Method = GET
      Request URI = /api/contacts
       Parameters = {phoneNumber=[+61426-555-251]}
          Headers = []
             Body = null
    Session Attrs = {}

Handler:
             Type = code.restful.addressbook.AddressBookController
           Method = code.restful.addressbook.AddressBookController#getContacts(Optional, Optional, Optional)

Async:
    Async started = false
     Async result = null

Resolved Exception:
             Type = null

ModelAndView:
        View name = null
             View = null
            Model = null

FlashMap:
       Attributes = null

MockHttpServletResponse:
           Status = 200
    Error message = null
          Headers = [Content-Type:"application/json"]
     Content type = application/json
             Body = [{"id":1,"firstName":"Contact","lastName":"ONE","email":null,"phoneNumber":"+61426-555-251","address":null}]
    Forwarded URL = null
   Redirected URL = null
          Cookies = []
2025-06-18T16:55:51.539+10:00 DEBUG 25328 --- [           main] org.springframework.test.context.cache   : Spring test ApplicationContext cache statistics: [DefaultContextCache@64508788 size = 2, maxSize = 32, parentContextCount = 0, hitCount = 130, missCount = 2, failureCount = 0]
2025-06-18T16:55:51.540+10:00 DEBUG 25328 --- [           main] org.springframework.test.context.cache   : Spring test ApplicationContext cache statistics: [DefaultContextCache@64508788 size = 2, maxSize = 32, parentContextCount = 0, hitCount = 131, missCount = 2, failureCount = 0]
2025-06-18T16:55:51.540+10:00 DEBUG 25328 --- [           main] org.springframework.test.context.cache   : Spring test ApplicationContext cache statistics: [DefaultContextCache@64508788 size = 2, maxSize = 32, parentContextCount = 0, hitCount = 132, missCount = 2, failureCount = 0]
2025-06-18T16:55:51.540+10:00 DEBUG 25328 --- [           main] org.springframework.test.context.cache   : Spring test ApplicationContext cache statistics: [DefaultContextCache@64508788 size = 2, maxSize = 32, parentContextCount = 0, hitCount = 133, missCount = 2, failureCount = 0]
2025-06-18T16:55:51.540+10:00 DEBUG 25328 --- [           main] org.springframework.test.context.cache   : Spring test ApplicationContext cache statistics: [DefaultContextCache@64508788 size = 2, maxSize = 32, parentContextCount = 0, hitCount = 134, missCount = 2, failureCount = 0]
2025-06-18T16:55:51.541+10:00 DEBUG 25328 --- [           main] org.springframework.test.context.cache   : Spring test ApplicationContext cache statistics: [DefaultContextCache@64508788 size = 2, maxSize = 32, parentContextCount = 0, hitCount = 135, missCount = 2, failureCount = 0]
2025-06-18T16:55:51.541+10:00 DEBUG 25328 --- [           main] .c.s.DirtiesContextTestExecutionListener : After test method: class [MockServerTests], method [findContactsByPhone], class annotated with @DirtiesContext [false] with mode [null], method annotated with @DirtiesContext [false] with mode [null]
2025-06-18T16:55:51.541+10:00 DEBUG 25328 --- [           main] o.s.t.c.w.ServletTestExecutionListener   : Resetting RequestContextHolder for test class test.restful.addressbook.tests.MockServerTests
]]></system-out>
  </testcase>
  <testcase name="findcontactDetailsInfoByFirstAndLastName" classname="test.restful.addressbook.tests.MockServerTests" time="0.013">
    <system-out><![CDATA[2025-06-18T16:55:51.542+10:00 DEBUG 25328 --- [           main] org.springframework.test.context.cache   : Spring test ApplicationContext cache statistics: [DefaultContextCache@64508788 size = 2, maxSize = 32, parentContextCount = 0, hitCount = 136, missCount = 2, failureCount = 0]
2025-06-18T16:55:51.543+10:00 DEBUG 25328 --- [           main] o.s.t.c.w.ServletTestExecutionListener   : Setting up MockHttpServletRequest, MockHttpServletResponse, ServletWebRequest, and RequestContextHolder for test class test.restful.addressbook.tests.MockServerTests
2025-06-18T16:55:51.543+10:00 DEBUG 25328 --- [           main] DependencyInjectionTestExecutionListener : Performing dependency injection for test class test.restful.addressbook.tests.MockServerTests
2025-06-18T16:55:51.544+10:00 DEBUG 25328 --- [           main] org.springframework.test.context.cache   : Spring test ApplicationContext cache statistics: [DefaultContextCache@64508788 size = 2, maxSize = 32, parentContextCount = 0, hitCount = 137, missCount = 2, failureCount = 0]
2025-06-18T16:55:51.544+10:00 DEBUG 25328 --- [           main] org.springframework.test.context.cache   : Spring test ApplicationContext cache statistics: [DefaultContextCache@64508788 size = 2, maxSize = 32, parentContextCount = 0, hitCount = 138, missCount = 2, failureCount = 0]
2025-06-18T16:55:51.549+10:00 DEBUG 25328 --- [           main] sContextBeforeModesTestExecutionListener : Before test method: class [MockServerTests], method [findcontactDetailsInfoByFirstAndLastName], class annotated with @DirtiesContext [false] with mode [null], method annotated with @DirtiesContext [false] with mode [null]
2025-06-18T16:55:51.549+10:00 DEBUG 25328 --- [           main] org.springframework.test.context.cache   : Spring test ApplicationContext cache statistics: [DefaultContextCache@64508788 size = 2, maxSize = 32, parentContextCount = 0, hitCount = 139, missCount = 2, failureCount = 0]
2025-06-18T16:55:51.549+10:00 DEBUG 25328 --- [           main] org.springframework.test.context.cache   : Spring test ApplicationContext cache statistics: [DefaultContextCache@64508788 size = 2, maxSize = 32, parentContextCount = 0, hitCount = 140, missCount = 2, failureCount = 0]
2025-06-18T16:55:51.551+10:00 DEBUG 25328 --- [           main] org.springframework.test.context.cache   : Spring test ApplicationContext cache statistics: [DefaultContextCache@64508788 size = 2, maxSize = 32, parentContextCount = 0, hitCount = 141, missCount = 2, failureCount = 0]
2025-06-18T16:55:51.551+10:00 DEBUG 25328 --- [           main] o.s.t.web.servlet.TestDispatcherServlet  : GET "/api/contacts", parameters={masked}
2025-06-18T16:55:51.551+10:00 DEBUG 25328 --- [           main] s.w.s.m.m.a.RequestMappingHandlerMapping : Mapped to code.restful.addressbook.AddressBookController#getContacts(Optional, Optional, Optional)
2025-06-18T16:55:51.551+10:00 DEBUG 25328 --- [           main] o.s.w.s.m.m.a.HttpEntityMethodProcessor  : Using 'application/json', given [*/*] and supported [application/json, application/*+json]
2025-06-18T16:55:51.551+10:00 DEBUG 25328 --- [           main] o.s.w.s.m.m.a.HttpEntityMethodProcessor  : Writing [[ContactDetailsImpl{id=1, firstName='Contact', lastName='ONE', email='null', phoneNumber='+61426-555 (truncated)...]
2025-06-18T16:55:51.551+10:00 DEBUG 25328 --- [           main] o.s.t.web.servlet.TestDispatcherServlet  : Completed 200 OK

MockHttpServletRequest:
      HTTP Method = GET
      Request URI = /api/contacts
       Parameters = {firstName=[Contact], lastName=[ONE]}
          Headers = []
             Body = null
    Session Attrs = {}

Handler:
             Type = code.restful.addressbook.AddressBookController
           Method = code.restful.addressbook.AddressBookController#getContacts(Optional, Optional, Optional)

Async:
    Async started = false
     Async result = null

Resolved Exception:
             Type = null

ModelAndView:
        View name = null
             View = null
            Model = null

FlashMap:
       Attributes = null

MockHttpServletResponse:
           Status = 200
    Error message = null
          Headers = [Content-Type:"application/json"]
     Content type = application/json
             Body = [{"id":1,"firstName":"Contact","lastName":"ONE","email":null,"phoneNumber":"+61426-555-251","address":null}]
    Forwarded URL = null
   Redirected URL = null
          Cookies = []
2025-06-18T16:55:51.557+10:00 DEBUG 25328 --- [           main] org.springframework.test.context.cache   : Spring test ApplicationContext cache statistics: [DefaultContextCache@64508788 size = 2, maxSize = 32, parentContextCount = 0, hitCount = 142, missCount = 2, failureCount = 0]
2025-06-18T16:55:51.558+10:00 DEBUG 25328 --- [           main] org.springframework.test.context.cache   : Spring test ApplicationContext cache statistics: [DefaultContextCache@64508788 size = 2, maxSize = 32, parentContextCount = 0, hitCount = 143, missCount = 2, failureCount = 0]
2025-06-18T16:55:51.558+10:00 DEBUG 25328 --- [           main] org.springframework.test.context.cache   : Spring test ApplicationContext cache statistics: [DefaultContextCache@64508788 size = 2, maxSize = 32, parentContextCount = 0, hitCount = 144, missCount = 2, failureCount = 0]
2025-06-18T16:55:51.558+10:00 DEBUG 25328 --- [           main] org.springframework.test.context.cache   : Spring test ApplicationContext cache statistics: [DefaultContextCache@64508788 size = 2, maxSize = 32, parentContextCount = 0, hitCount = 145, missCount = 2, failureCount = 0]
2025-06-18T16:55:51.559+10:00 DEBUG 25328 --- [           main] org.springframework.test.context.cache   : Spring test ApplicationContext cache statistics: [DefaultContextCache@64508788 size = 2, maxSize = 32, parentContextCount = 0, hitCount = 146, missCount = 2, failureCount = 0]
2025-06-18T16:55:51.559+10:00 DEBUG 25328 --- [           main] org.springframework.test.context.cache   : Spring test ApplicationContext cache statistics: [DefaultContextCache@64508788 size = 2, maxSize = 32, parentContextCount = 0, hitCount = 147, missCount = 2, failureCount = 0]
2025-06-18T16:55:51.560+10:00 DEBUG 25328 --- [           main] .c.s.DirtiesContextTestExecutionListener : After test method: class [MockServerTests], method [findcontactDetailsInfoByFirstAndLastName], class annotated with @DirtiesContext [false] with mode [null], method annotated with @DirtiesContext [false] with mode [null]
2025-06-18T16:55:51.560+10:00 DEBUG 25328 --- [           main] o.s.t.c.w.ServletTestExecutionListener   : Resetting RequestContextHolder for test class test.restful.addressbook.tests.MockServerTests
]]></system-out>
  </testcase>
  <testcase name="deleteContact" classname="test.restful.addressbook.tests.MockServerTests" time="0.017">
    <system-out><![CDATA[2025-06-18T16:55:51.561+10:00 DEBUG 25328 --- [           main] org.springframework.test.context.cache   : Spring test ApplicationContext cache statistics: [DefaultContextCache@64508788 size = 2, maxSize = 32, parentContextCount = 0, hitCount = 148, missCount = 2, failureCount = 0]
2025-06-18T16:55:51.561+10:00 DEBUG 25328 --- [           main] o.s.t.c.w.ServletTestExecutionListener   : Setting up MockHttpServletRequest, MockHttpServletResponse, ServletWebRequest, and RequestContextHolder for test class test.restful.addressbook.tests.MockServerTests
2025-06-18T16:55:51.561+10:00 DEBUG 25328 --- [           main] DependencyInjectionTestExecutionListener : Performing dependency injection for test class test.restful.addressbook.tests.MockServerTests
2025-06-18T16:55:51.562+10:00 DEBUG 25328 --- [           main] org.springframework.test.context.cache   : Spring test ApplicationContext cache statistics: [DefaultContextCache@64508788 size = 2, maxSize = 32, parentContextCount = 0, hitCount = 149, missCount = 2, failureCount = 0]
2025-06-18T16:55:51.562+10:00 DEBUG 25328 --- [           main] org.springframework.test.context.cache   : Spring test ApplicationContext cache statistics: [DefaultContextCache@64508788 size = 2, maxSize = 32, parentContextCount = 0, hitCount = 150, missCount = 2, failureCount = 0]
2025-06-18T16:55:51.563+10:00 DEBUG 25328 --- [           main] sContextBeforeModesTestExecutionListener : Before test method: class [MockServerTests], method [deleteContact], class annotated with @DirtiesContext [false] with mode [null], method annotated with @DirtiesContext [false] with mode [null]
2025-06-18T16:55:51.563+10:00 DEBUG 25328 --- [           main] org.springframework.test.context.cache   : Spring test ApplicationContext cache statistics: [DefaultContextCache@64508788 size = 2, maxSize = 32, parentContextCount = 0, hitCount = 151, missCount = 2, failureCount = 0]
2025-06-18T16:55:51.564+10:00 DEBUG 25328 --- [           main] org.springframework.test.context.cache   : Spring test ApplicationContext cache statistics: [DefaultContextCache@64508788 size = 2, maxSize = 32, parentContextCount = 0, hitCount = 152, missCount = 2, failureCount = 0]
2025-06-18T16:55:51.566+10:00 DEBUG 25328 --- [           main] org.springframework.test.context.cache   : Spring test ApplicationContext cache statistics: [DefaultContextCache@64508788 size = 2, maxSize = 32, parentContextCount = 0, hitCount = 153, missCount = 2, failureCount = 0]
2025-06-18T16:55:51.568+10:00 DEBUG 25328 --- [           main] o.s.t.web.servlet.TestDispatcherServlet  : DELETE "/api/contacts/2", parameters={}
2025-06-18T16:55:51.568+10:00 DEBUG 25328 --- [           main] s.w.s.m.m.a.RequestMappingHandlerMapping : Mapped to code.restful.addressbook.AddressBookController#deleteContact(Long)
2025-06-18T16:55:51.572+10:00 DEBUG 25328 --- [           main] o.s.w.s.m.m.a.HttpEntityMethodProcessor  : Using 'application/json', given [*/*] and supported [application/json, application/*+json]
2025-06-18T16:55:51.573+10:00 DEBUG 25328 --- [           main] o.s.w.s.m.m.a.HttpEntityMethodProcessor  : Nothing to write: null body
2025-06-18T16:55:51.573+10:00 DEBUG 25328 --- [           main] o.s.t.web.servlet.TestDispatcherServlet  : Completed 204 NO_CONTENT

MockHttpServletRequest:
      HTTP Method = DELETE
      Request URI = /api/contacts/2
       Parameters = {}
          Headers = []
             Body = null
    Session Attrs = {}

Handler:
             Type = code.restful.addressbook.AddressBookController
           Method = code.restful.addressbook.AddressBookController#deleteContact(Long)

Async:
    Async started = false
     Async result = null

Resolved Exception:
             Type = null

ModelAndView:
        View name = null
             View = null
            Model = null

FlashMap:
       Attributes = null

MockHttpServletResponse:
           Status = 204
    Error message = null
          Headers = []
     Content type = null
             Body = 
    Forwarded URL = null
   Redirected URL = null
          Cookies = []
2025-06-18T16:55:51.575+10:00 DEBUG 25328 --- [           main] o.s.t.web.servlet.TestDispatcherServlet  : GET "/api/contacts/2", parameters={}
2025-06-18T16:55:51.576+10:00 DEBUG 25328 --- [           main] s.w.s.m.m.a.RequestMappingHandlerMapping : Mapped to code.restful.addressbook.AddressBookController#getContactById(Long)
2025-06-18T16:55:51.577+10:00 DEBUG 25328 --- [           main] o.s.w.s.m.m.a.HttpEntityMethodProcessor  : Using 'application/json', given [*/*] and supported [application/json, application/*+json]
2025-06-18T16:55:51.577+10:00 DEBUG 25328 --- [           main] o.s.w.s.m.m.a.HttpEntityMethodProcessor  : Nothing to write: null body
2025-06-18T16:55:51.577+10:00 DEBUG 25328 --- [           main] o.s.t.web.servlet.TestDispatcherServlet  : Completed 404 NOT_FOUND
2025-06-18T16:55:51.578+10:00 DEBUG 25328 --- [           main] org.springframework.test.context.cache   : Spring test ApplicationContext cache statistics: [DefaultContextCache@64508788 size = 2, maxSize = 32, parentContextCount = 0, hitCount = 154, missCount = 2, failureCount = 0]
2025-06-18T16:55:51.578+10:00 DEBUG 25328 --- [           main] org.springframework.test.context.cache   : Spring test ApplicationContext cache statistics: [DefaultContextCache@64508788 size = 2, maxSize = 32, parentContextCount = 0, hitCount = 155, missCount = 2, failureCount = 0]
2025-06-18T16:55:51.578+10:00 DEBUG 25328 --- [           main] org.springframework.test.context.cache   : Spring test ApplicationContext cache statistics: [DefaultContextCache@64508788 size = 2, maxSize = 32, parentContextCount = 0, hitCount = 156, missCount = 2, failureCount = 0]
2025-06-18T16:55:51.578+10:00 DEBUG 25328 --- [           main] org.springframework.test.context.cache   : Spring test ApplicationContext cache statistics: [DefaultContextCache@64508788 size = 2, maxSize = 32, parentContextCount = 0, hitCount = 157, missCount = 2, failureCount = 0]
2025-06-18T16:55:51.579+10:00 DEBUG 25328 --- [           main] org.springframework.test.context.cache   : Spring test ApplicationContext cache statistics: [DefaultContextCache@64508788 size = 2, maxSize = 32, parentContextCount = 0, hitCount = 158, missCount = 2, failureCount = 0]
2025-06-18T16:55:51.579+10:00 DEBUG 25328 --- [           main] org.springframework.test.context.cache   : Spring test ApplicationContext cache statistics: [DefaultContextCache@64508788 size = 2, maxSize = 32, parentContextCount = 0, hitCount = 159, missCount = 2, failureCount = 0]
2025-06-18T16:55:51.580+10:00 DEBUG 25328 --- [           main] .c.s.DirtiesContextTestExecutionListener : After test method: class [MockServerTests], method [deleteContact], class annotated with @DirtiesContext [false] with mode [null], method annotated with @DirtiesContext [false] with mode [null]
2025-06-18T16:55:51.580+10:00 DEBUG 25328 --- [           main] o.s.t.c.w.ServletTestExecutionListener   : Resetting RequestContextHolder for test class test.restful.addressbook.tests.MockServerTests
]]></system-out>
  </testcase>
  <testcase name="putExistingContact" classname="test.restful.addressbook.tests.MockServerTests" time="0.011">
    <system-out><![CDATA[2025-06-18T16:55:51.581+10:00 DEBUG 25328 --- [           main] org.springframework.test.context.cache   : Spring test ApplicationContext cache statistics: [DefaultContextCache@64508788 size = 2, maxSize = 32, parentContextCount = 0, hitCount = 160, missCount = 2, failureCount = 0]
2025-06-18T16:55:51.581+10:00 DEBUG 25328 --- [           main] o.s.t.c.w.ServletTestExecutionListener   : Setting up MockHttpServletRequest, MockHttpServletResponse, ServletWebRequest, and RequestContextHolder for test class test.restful.addressbook.tests.MockServerTests
2025-06-18T16:55:51.581+10:00 DEBUG 25328 --- [           main] DependencyInjectionTestExecutionListener : Performing dependency injection for test class test.restful.addressbook.tests.MockServerTests
2025-06-18T16:55:51.581+10:00 DEBUG 25328 --- [           main] org.springframework.test.context.cache   : Spring test ApplicationContext cache statistics: [DefaultContextCache@64508788 size = 2, maxSize = 32, parentContextCount = 0, hitCount = 161, missCount = 2, failureCount = 0]
2025-06-18T16:55:51.583+10:00 DEBUG 25328 --- [           main] org.springframework.test.context.cache   : Spring test ApplicationContext cache statistics: [DefaultContextCache@64508788 size = 2, maxSize = 32, parentContextCount = 0, hitCount = 162, missCount = 2, failureCount = 0]
2025-06-18T16:55:51.583+10:00 DEBUG 25328 --- [           main] sContextBeforeModesTestExecutionListener : Before test method: class [MockServerTests], method [putExistingContact], class annotated with @DirtiesContext [false] with mode [null], method annotated with @DirtiesContext [false] with mode [null]
2025-06-18T16:55:51.583+10:00 DEBUG 25328 --- [           main] org.springframework.test.context.cache   : Spring test ApplicationContext cache statistics: [DefaultContextCache@64508788 size = 2, maxSize = 32, parentContextCount = 0, hitCount = 163, missCount = 2, failureCount = 0]
2025-06-18T16:55:51.583+10:00 DEBUG 25328 --- [           main] org.springframework.test.context.cache   : Spring test ApplicationContext cache statistics: [DefaultContextCache@64508788 size = 2, maxSize = 32, parentContextCount = 0, hitCount = 164, missCount = 2, failureCount = 0]
2025-06-18T16:55:51.583+10:00 DEBUG 25328 --- [           main] org.springframework.test.context.cache   : Spring test ApplicationContext cache statistics: [DefaultContextCache@64508788 size = 2, maxSize = 32, parentContextCount = 0, hitCount = 165, missCount = 2, failureCount = 0]
2025-06-18T16:55:51.583+10:00 DEBUG 25328 --- [           main] o.s.t.web.servlet.TestDispatcherServlet  : PUT "/api/contacts/1", parameters={}
2025-06-18T16:55:51.583+10:00 DEBUG 25328 --- [           main] s.w.s.m.m.a.RequestMappingHandlerMapping : Mapped to code.restful.addressbook.AddressBookController#updateContact(Long, ContactDetailsImpl)
2025-06-18T16:55:51.590+10:00 DEBUG 25328 --- [           main] m.m.a.RequestResponseBodyMethodProcessor : Read "application/json;charset=UTF-8" to [ContactDetailsImpl{id=1, firstName='John', lastName='Doe', email='john.doe@example.com', phoneNumber (truncated)...]
2025-06-18T16:55:51.592+10:00 DEBUG 25328 --- [           main] o.s.w.s.m.m.a.HttpEntityMethodProcessor  : Using 'application/json', given [*/*] and supported [application/json, application/*+json]
2025-06-18T16:55:51.592+10:00 DEBUG 25328 --- [           main] o.s.w.s.m.m.a.HttpEntityMethodProcessor  : Writing [ContactDetailsImpl{id=1, firstName='John', lastName='Doe', email='john.doe@example.com', phoneNumber (truncated)...]
2025-06-18T16:55:51.592+10:00 DEBUG 25328 --- [           main] o.s.t.web.servlet.TestDispatcherServlet  : Completed 200 OK

MockHttpServletRequest:
      HTTP Method = PUT
      Request URI = /api/contacts/1
       Parameters = {}
          Headers = [Content-Type:"application/json;charset=UTF-8", Content-Length:"126"]
             Body = {"id":1,"firstName":"John","lastName":"Doe","phoneNumber":"1234567890","email":"john.doe@example.com","address":"123 Main St"}
    Session Attrs = {}

Handler:
             Type = code.restful.addressbook.AddressBookController
           Method = code.restful.addressbook.AddressBookController#updateContact(Long, ContactDetailsImpl)

Async:
    Async started = false
     Async result = null

Resolved Exception:
             Type = null

ModelAndView:
        View name = null
             View = null
            Model = null

FlashMap:
       Attributes = null

MockHttpServletResponse:
           Status = 200
    Error message = null
          Headers = [Content-Type:"application/json"]
     Content type = application/json
             Body = {"type":"ContactDetailsImpl","id":1,"firstName":"John","lastName":"Doe","email":"john.doe@example.com","phoneNumber":"1234567890","address":"123 Main St"}
    Forwarded URL = null
   Redirected URL = null
          Cookies = []
2025-06-18T16:55:51.594+10:00 DEBUG 25328 --- [           main] org.springframework.test.context.cache   : Spring test ApplicationContext cache statistics: [DefaultContextCache@64508788 size = 2, maxSize = 32, parentContextCount = 0, hitCount = 166, missCount = 2, failureCount = 0]
2025-06-18T16:55:51.594+10:00 DEBUG 25328 --- [           main] org.springframework.test.context.cache   : Spring test ApplicationContext cache statistics: [DefaultContextCache@64508788 size = 2, maxSize = 32, parentContextCount = 0, hitCount = 167, missCount = 2, failureCount = 0]
2025-06-18T16:55:51.594+10:00 DEBUG 25328 --- [           main] org.springframework.test.context.cache   : Spring test ApplicationContext cache statistics: [DefaultContextCache@64508788 size = 2, maxSize = 32, parentContextCount = 0, hitCount = 168, missCount = 2, failureCount = 0]
2025-06-18T16:55:51.594+10:00 DEBUG 25328 --- [           main] org.springframework.test.context.cache   : Spring test ApplicationContext cache statistics: [DefaultContextCache@64508788 size = 2, maxSize = 32, parentContextCount = 0, hitCount = 169, missCount = 2, failureCount = 0]
2025-06-18T16:55:51.594+10:00 DEBUG 25328 --- [           main] org.springframework.test.context.cache   : Spring test ApplicationContext cache statistics: [DefaultContextCache@64508788 size = 2, maxSize = 32, parentContextCount = 0, hitCount = 170, missCount = 2, failureCount = 0]
2025-06-18T16:55:51.594+10:00 DEBUG 25328 --- [           main] org.springframework.test.context.cache   : Spring test ApplicationContext cache statistics: [DefaultContextCache@64508788 size = 2, maxSize = 32, parentContextCount = 0, hitCount = 171, missCount = 2, failureCount = 0]
2025-06-18T16:55:51.594+10:00 DEBUG 25328 --- [           main] .c.s.DirtiesContextTestExecutionListener : After test method: class [MockServerTests], method [putExistingContact], class annotated with @DirtiesContext [false] with mode [null], method annotated with @DirtiesContext [false] with mode [null]
2025-06-18T16:55:51.594+10:00 DEBUG 25328 --- [           main] o.s.t.c.w.ServletTestExecutionListener   : Resetting RequestContextHolder for test class test.restful.addressbook.tests.MockServerTests
]]></system-out>
  </testcase>
  <testcase name="findContactById" classname="test.restful.addressbook.tests.MockServerTests" time="0.018">
    <system-out><![CDATA[2025-06-18T16:55:51.594+10:00 DEBUG 25328 --- [           main] org.springframework.test.context.cache   : Spring test ApplicationContext cache statistics: [DefaultContextCache@64508788 size = 2, maxSize = 32, parentContextCount = 0, hitCount = 172, missCount = 2, failureCount = 0]
2025-06-18T16:55:51.594+10:00 DEBUG 25328 --- [           main] o.s.t.c.w.ServletTestExecutionListener   : Setting up MockHttpServletRequest, MockHttpServletResponse, ServletWebRequest, and RequestContextHolder for test class test.restful.addressbook.tests.MockServerTests
2025-06-18T16:55:51.594+10:00 DEBUG 25328 --- [           main] DependencyInjectionTestExecutionListener : Performing dependency injection for test class test.restful.addressbook.tests.MockServerTests
2025-06-18T16:55:51.594+10:00 DEBUG 25328 --- [           main] org.springframework.test.context.cache   : Spring test ApplicationContext cache statistics: [DefaultContextCache@64508788 size = 2, maxSize = 32, parentContextCount = 0, hitCount = 173, missCount = 2, failureCount = 0]
2025-06-18T16:55:51.594+10:00 DEBUG 25328 --- [           main] org.springframework.test.context.cache   : Spring test ApplicationContext cache statistics: [DefaultContextCache@64508788 size = 2, maxSize = 32, parentContextCount = 0, hitCount = 174, missCount = 2, failureCount = 0]
2025-06-18T16:55:51.594+10:00 DEBUG 25328 --- [           main] sContextBeforeModesTestExecutionListener : Before test method: class [MockServerTests], method [findContactById], class annotated with @DirtiesContext [false] with mode [null], method annotated with @DirtiesContext [false] with mode [null]
2025-06-18T16:55:51.594+10:00 DEBUG 25328 --- [           main] org.springframework.test.context.cache   : Spring test ApplicationContext cache statistics: [DefaultContextCache@64508788 size = 2, maxSize = 32, parentContextCount = 0, hitCount = 175, missCount = 2, failureCount = 0]
2025-06-18T16:55:51.594+10:00 DEBUG 25328 --- [           main] org.springframework.test.context.cache   : Spring test ApplicationContext cache statistics: [DefaultContextCache@64508788 size = 2, maxSize = 32, parentContextCount = 0, hitCount = 176, missCount = 2, failureCount = 0]
2025-06-18T16:55:51.594+10:00 DEBUG 25328 --- [           main] org.springframework.test.context.cache   : Spring test ApplicationContext cache statistics: [DefaultContextCache@64508788 size = 2, maxSize = 32, parentContextCount = 0, hitCount = 177, missCount = 2, failureCount = 0]
2025-06-18T16:55:51.605+10:00 DEBUG 25328 --- [           main] o.s.t.web.servlet.TestDispatcherServlet  : GET "/api/contacts/1", parameters={}
2025-06-18T16:55:51.606+10:00 DEBUG 25328 --- [           main] s.w.s.m.m.a.RequestMappingHandlerMapping : Mapped to code.restful.addressbook.AddressBookController#getContactById(Long)
2025-06-18T16:55:51.607+10:00 DEBUG 25328 --- [           main] o.s.w.s.m.m.a.HttpEntityMethodProcessor  : Using 'application/json', given [*/*] and supported [application/json, application/*+json]
2025-06-18T16:55:51.608+10:00 DEBUG 25328 --- [           main] o.s.w.s.m.m.a.HttpEntityMethodProcessor  : Writing [ContactDetailsImpl{id=1, firstName='Contact', lastName='ONE', email='null', phoneNumber='+61426-555- (truncated)...]
2025-06-18T16:55:51.608+10:00 DEBUG 25328 --- [           main] o.s.t.web.servlet.TestDispatcherServlet  : Completed 200 OK

MockHttpServletRequest:
      HTTP Method = GET
      Request URI = /api/contacts/1
       Parameters = {}
          Headers = []
             Body = null
    Session Attrs = {}

Handler:
             Type = code.restful.addressbook.AddressBookController
           Method = code.restful.addressbook.AddressBookController#getContactById(Long)

Async:
    Async started = false
     Async result = null

Resolved Exception:
             Type = null

ModelAndView:
        View name = null
             View = null
            Model = null

FlashMap:
       Attributes = null

MockHttpServletResponse:
           Status = 200
    Error message = null
          Headers = [Content-Type:"application/json"]
     Content type = application/json
             Body = {"type":"ContactDetailsImpl","id":1,"firstName":"Contact","lastName":"ONE","email":null,"phoneNumber":"+61426-555-251","address":null}
    Forwarded URL = null
   Redirected URL = null
          Cookies = []
2025-06-18T16:55:51.612+10:00 DEBUG 25328 --- [           main] org.springframework.test.context.cache   : Spring test ApplicationContext cache statistics: [DefaultContextCache@64508788 size = 2, maxSize = 32, parentContextCount = 0, hitCount = 178, missCount = 2, failureCount = 0]
2025-06-18T16:55:51.612+10:00 DEBUG 25328 --- [           main] org.springframework.test.context.cache   : Spring test ApplicationContext cache statistics: [DefaultContextCache@64508788 size = 2, maxSize = 32, parentContextCount = 0, hitCount = 179, missCount = 2, failureCount = 0]
2025-06-18T16:55:51.612+10:00 DEBUG 25328 --- [           main] org.springframework.test.context.cache   : Spring test ApplicationContext cache statistics: [DefaultContextCache@64508788 size = 2, maxSize = 32, parentContextCount = 0, hitCount = 180, missCount = 2, failureCount = 0]
2025-06-18T16:55:51.612+10:00 DEBUG 25328 --- [           main] org.springframework.test.context.cache   : Spring test ApplicationContext cache statistics: [DefaultContextCache@64508788 size = 2, maxSize = 32, parentContextCount = 0, hitCount = 181, missCount = 2, failureCount = 0]
2025-06-18T16:55:51.612+10:00 DEBUG 25328 --- [           main] org.springframework.test.context.cache   : Spring test ApplicationContext cache statistics: [DefaultContextCache@64508788 size = 2, maxSize = 32, parentContextCount = 0, hitCount = 182, missCount = 2, failureCount = 0]
2025-06-18T16:55:51.612+10:00 DEBUG 25328 --- [           main] org.springframework.test.context.cache   : Spring test ApplicationContext cache statistics: [DefaultContextCache@64508788 size = 2, maxSize = 32, parentContextCount = 0, hitCount = 183, missCount = 2, failureCount = 0]
2025-06-18T16:55:51.612+10:00 DEBUG 25328 --- [           main] .c.s.DirtiesContextTestExecutionListener : After test method: class [MockServerTests], method [findContactById], class annotated with @DirtiesContext [false] with mode [null], method annotated with @DirtiesContext [false] with mode [null]
2025-06-18T16:55:51.612+10:00 DEBUG 25328 --- [           main] o.s.t.c.w.ServletTestExecutionListener   : Resetting RequestContextHolder for test class test.restful.addressbook.tests.MockServerTests
]]></system-out>
  </testcase>
  <testcase name="findcontactDetailsInfoByLastName" classname="test.restful.addressbook.tests.MockServerTests" time="0.003">
    <system-out><![CDATA[2025-06-18T16:55:51.612+10:00 DEBUG 25328 --- [           main] org.springframework.test.context.cache   : Spring test ApplicationContext cache statistics: [DefaultContextCache@64508788 size = 2, maxSize = 32, parentContextCount = 0, hitCount = 184, missCount = 2, failureCount = 0]
2025-06-18T16:55:51.612+10:00 DEBUG 25328 --- [           main] o.s.t.c.w.ServletTestExecutionListener   : Setting up MockHttpServletRequest, MockHttpServletResponse, ServletWebRequest, and RequestContextHolder for test class test.restful.addressbook.tests.MockServerTests
2025-06-18T16:55:51.612+10:00 DEBUG 25328 --- [           main] DependencyInjectionTestExecutionListener : Performing dependency injection for test class test.restful.addressbook.tests.MockServerTests
2025-06-18T16:55:51.612+10:00 DEBUG 25328 --- [           main] org.springframework.test.context.cache   : Spring test ApplicationContext cache statistics: [DefaultContextCache@64508788 size = 2, maxSize = 32, parentContextCount = 0, hitCount = 185, missCount = 2, failureCount = 0]
2025-06-18T16:55:51.612+10:00 DEBUG 25328 --- [           main] org.springframework.test.context.cache   : Spring test ApplicationContext cache statistics: [DefaultContextCache@64508788 size = 2, maxSize = 32, parentContextCount = 0, hitCount = 186, missCount = 2, failureCount = 0]
2025-06-18T16:55:51.623+10:00 DEBUG 25328 --- [           main] sContextBeforeModesTestExecutionListener : Before test method: class [MockServerTests], method [findcontactDetailsInfoByLastName], class annotated with @DirtiesContext [false] with mode [null], method annotated with @DirtiesContext [false] with mode [null]
2025-06-18T16:55:51.623+10:00 DEBUG 25328 --- [           main] org.springframework.test.context.cache   : Spring test ApplicationContext cache statistics: [DefaultContextCache@64508788 size = 2, maxSize = 32, parentContextCount = 0, hitCount = 187, missCount = 2, failureCount = 0]
2025-06-18T16:55:51.623+10:00 DEBUG 25328 --- [           main] org.springframework.test.context.cache   : Spring test ApplicationContext cache statistics: [DefaultContextCache@64508788 size = 2, maxSize = 32, parentContextCount = 0, hitCount = 188, missCount = 2, failureCount = 0]
2025-06-18T16:55:51.625+10:00 DEBUG 25328 --- [           main] org.springframework.test.context.cache   : Spring test ApplicationContext cache statistics: [DefaultContextCache@64508788 size = 2, maxSize = 32, parentContextCount = 0, hitCount = 189, missCount = 2, failureCount = 0]
2025-06-18T16:55:51.625+10:00 DEBUG 25328 --- [           main] o.s.t.web.servlet.TestDispatcherServlet  : GET "/api/contacts", parameters={masked}
2025-06-18T16:55:51.625+10:00 DEBUG 25328 --- [           main] s.w.s.m.m.a.RequestMappingHandlerMapping : Mapped to code.restful.addressbook.AddressBookController#getContacts(Optional, Optional, Optional)
2025-06-18T16:55:51.625+10:00 DEBUG 25328 --- [           main] o.s.w.s.m.m.a.HttpEntityMethodProcessor  : Using 'application/json', given [*/*] and supported [application/json, application/*+json]
2025-06-18T16:55:51.625+10:00 DEBUG 25328 --- [           main] o.s.w.s.m.m.a.HttpEntityMethodProcessor  : Writing [[ContactDetailsImpl{id=1, firstName='Contact', lastName='ONE', email='null', phoneNumber='+61426-555 (truncated)...]
2025-06-18T16:55:51.625+10:00 DEBUG 25328 --- [           main] o.s.t.web.servlet.TestDispatcherServlet  : Completed 200 OK

MockHttpServletRequest:
      HTTP Method = GET
      Request URI = /api/contacts
       Parameters = {lastName=[ONE]}
          Headers = []
             Body = null
    Session Attrs = {}

Handler:
             Type = code.restful.addressbook.AddressBookController
           Method = code.restful.addressbook.AddressBookController#getContacts(Optional, Optional, Optional)

Async:
    Async started = false
     Async result = null

Resolved Exception:
             Type = null

ModelAndView:
        View name = null
             View = null
            Model = null

FlashMap:
       Attributes = null

MockHttpServletResponse:
           Status = 200
    Error message = null
          Headers = [Content-Type:"application/json"]
     Content type = application/json
             Body = [{"id":1,"firstName":"Contact","lastName":"ONE","email":null,"phoneNumber":"+61426-555-251","address":null}]
    Forwarded URL = null
   Redirected URL = null
          Cookies = []
2025-06-18T16:55:51.625+10:00 DEBUG 25328 --- [           main] org.springframework.test.context.cache   : Spring test ApplicationContext cache statistics: [DefaultContextCache@64508788 size = 2, maxSize = 32, parentContextCount = 0, hitCount = 190, missCount = 2, failureCount = 0]
2025-06-18T16:55:51.625+10:00 DEBUG 25328 --- [           main] org.springframework.test.context.cache   : Spring test ApplicationContext cache statistics: [DefaultContextCache@64508788 size = 2, maxSize = 32, parentContextCount = 0, hitCount = 191, missCount = 2, failureCount = 0]
2025-06-18T16:55:51.625+10:00 DEBUG 25328 --- [           main] org.springframework.test.context.cache   : Spring test ApplicationContext cache statistics: [DefaultContextCache@64508788 size = 2, maxSize = 32, parentContextCount = 0, hitCount = 192, missCount = 2, failureCount = 0]
2025-06-18T16:55:51.625+10:00 DEBUG 25328 --- [           main] org.springframework.test.context.cache   : Spring test ApplicationContext cache statistics: [DefaultContextCache@64508788 size = 2, maxSize = 32, parentContextCount = 0, hitCount = 193, missCount = 2, failureCount = 0]
2025-06-18T16:55:51.625+10:00 DEBUG 25328 --- [           main] org.springframework.test.context.cache   : Spring test ApplicationContext cache statistics: [DefaultContextCache@64508788 size = 2, maxSize = 32, parentContextCount = 0, hitCount = 194, missCount = 2, failureCount = 0]
2025-06-18T16:55:51.625+10:00 DEBUG 25328 --- [           main] org.springframework.test.context.cache   : Spring test ApplicationContext cache statistics: [DefaultContextCache@64508788 size = 2, maxSize = 32, parentContextCount = 0, hitCount = 195, missCount = 2, failureCount = 0]
2025-06-18T16:55:51.625+10:00 DEBUG 25328 --- [           main] .c.s.DirtiesContextTestExecutionListener : After test method: class [MockServerTests], method [findcontactDetailsInfoByLastName], class annotated with @DirtiesContext [false] with mode [null], method annotated with @DirtiesContext [false] with mode [null]
2025-06-18T16:55:51.625+10:00 DEBUG 25328 --- [           main] o.s.t.c.w.ServletTestExecutionListener   : Resetting RequestContextHolder for test class test.restful.addressbook.tests.MockServerTests
]]></system-out>
  </testcase>
</testsuite>